[httpclient] [List]  []
[httpclient] [List]  []
[httpclient] [List]  []
[httpclient] [Watch] start watch
[httpclient] [List]  []
[httpclient] [Watch] start watch
[httpclient] [Watch] start watch
[httpclient] [List]  []
[httpclient] [Watch] start watch
[httpclient] [Watch] start watch
[httpclient] [Watch] start watch
[httpclient] [Watch] unmarshal: /api/v1/jobs/cuda {"metadata":{"name":"cuda","creationTimestamp":null},"spec":{"task":{"name":"cuda","partition":"dgx2","nodes":1,"ntasks":0,"ntasks-per-node":1,"cpus-per-task":1,"gpu":1,"error":"cuda.err","output":"cuda.out","mail-type":"end","mail-user":"jmhuang_2020@sjtu.edu.cn","program":"gpu-yaml/cuda.cu"}}} ADDED
[jobcontroller][AddJob] add job
[http][AddPod] {"metadata":{"name":"cuda","creationTimestamp":null},"spec":{"volumes":[{"name":"job-volume","hostPath":"/home/job"}],"containers":[{"name":"gpu","image":"gpu-jobs-image","command":["--jobname=cuda","--outfile=cuda","--errfile=cuda"],"entryPoint":["./gpuserver"],"ports":null,"limitResource":{"cpu":"","memory":""},"tty":false,"volumeMounts":[{"name":"job-volume","mountPath":"/home/job"}]}],"gpu":true,"gpuJobName":"cuda"},"status":{}}
[httpclient] [Watch] unmarshal: /api/v1/pods/cuda {"metadata":{"name":"cuda","uid":"1330a840-3a45-4735-8e6c-f88029263cb9","generation":1,"creationTimestamp":"2023-05-27T05:19:31Z"},"spec":{"volumes":[{"name":"job-volume","hostPath":"/home/job"}],"containers":[{"name":"gpu","image":"gpu-jobs-image","command":["--jobname=cuda","--outfile=cuda","--errfile=cuda"],"entryPoint":["./gpuserver"],"ports":null,"limitResource":{"cpu":"","memory":""},"tty":false,"volumeMounts":[{"name":"job-volume","mountPath":"/home/job"}]}],"gpu":true,"gpuJobName":"cuda"},"status":{"phase":"Pending"}} ADDED
[ReplicaSet] [AddPod]  event.type:  Add
[ReplicaSet] [AddPod]  event.Key:  /api/v1/pods/cuda
[ReplicaSet] [AddPod]  event.Val:  {"metadata":{"name":"cuda","uid":"1330a840-3a45-4735-8e6c-f88029263cb9","generation":1,"creationTimestamp":"2023-05-27T05:19:31Z"},"spec":{"volumes":[{"name":"job-volume","hostPath":"/home/job"}],"containers":[{"name":"gpu","image":"gpu-jobs-image","command":["--jobname=cuda","--outfile=cuda","--errfile=cuda"],"entryPoint":["./gpuserver"],"ports":null,"limitResource":{"cpu":"","memory":""},"tty":false,"volumeMounts":[{"name":"job-volume","mountPath":"/home/job"}]}],"gpu":true,"gpuJobName":"cuda"},"status":{"phase":"Pending"}}
add pod success
[httpclient] [Watch] unmarshal: /api/v1/pods/cuda {"metadata":{"name":"cuda","uid":"1330a840-3a45-4735-8e6c-f88029263cb9","generation":1,"creationTimestamp":"2023-05-27T05:19:31Z"},"spec":{"volumes":[{"name":"job-volume","hostPath":"/home/job"}],"containers":[{"name":"gpu","image":"gpu-jobs-image","command":["--jobname=cuda","--outfile=cuda","--errfile=cuda"],"entryPoint":["./gpuserver"],"ports":null,"limitResource":{"cpu":"","memory":""},"tty":false,"volumeMounts":[{"name":"job-volume","mountPath":"/home/job"}]}],"gpu":true,"gpuJobName":"cuda"},"status":{"phase":"Pending"}} ADDED
[HPA] [AddPod]  event.type:  Add
[HPA] [AddPod]  event.Key:  /api/v1/pods/cuda
[httpclient] [Watch] unmarshal: /api/v1/pods/cuda {"metadata":{"name":"cuda","uid":"1330a840-3a45-4735-8e6c-f88029263cb9","generation":1,"creationTimestamp":"2023-05-27T05:19:31Z"},"spec":{"volumes":[{"name":"job-volume","hostPath":"/home/job"}],"containers":[{"name":"gpu","image":"gpu-jobs-image","command":["--jobname=cuda","--outfile=cuda","--errfile=cuda"],"entryPoint":["./gpuserver"],"ports":null,"limitResource":{"cpu":"","memory":""},"tty":false,"volumeMounts":[{"name":"job-volume","mountPath":"/home/job"}]}],"nodeName":"node1","gpu":true,"gpuJobName":"cuda"},"status":{"phase":"Pending"}} MODIFIED
[HPA] [UpdatePod]  event.type:  Modify
[HPA] [UpdatePod]  event.Key:  /api/v1/pods/cuda
[httpclient] [Watch] unmarshal: /api/v1/pods/cuda {"metadata":{"name":"cuda","uid":"1330a840-3a45-4735-8e6c-f88029263cb9","generation":1,"creationTimestamp":"2023-05-27T05:19:31Z"},"spec":{"volumes":[{"name":"job-volume","hostPath":"/home/job"}],"containers":[{"name":"gpu","image":"gpu-jobs-image","command":["--jobname=cuda","--outfile=cuda","--errfile=cuda"],"entryPoint":["./gpuserver"],"ports":null,"limitResource":{"cpu":"","memory":""},"tty":false,"volumeMounts":[{"name":"job-volume","mountPath":"/home/job"}]}],"nodeName":"node1","gpu":true,"gpuJobName":"cuda"},"status":{"phase":"Pending"}} MODIFIED
[ReplicaSet] [UpdatePod]  event.type:  Modify
[ReplicaSet] [UpdatePod]  event.Key:  /api/v1/pods/cuda
[ReplicaSet] [UpdatePod]  event.Val:  {"metadata":{"name":"cuda","uid":"1330a840-3a45-4735-8e6c-f88029263cb9","generation":1,"creationTimestamp":"2023-05-27T05:19:31Z"},"spec":{"volumes":[{"name":"job-volume","hostPath":"/home/job"}],"containers":[{"name":"gpu","image":"gpu-jobs-image","command":["--jobname=cuda","--outfile=cuda","--errfile=cuda"],"entryPoint":["./gpuserver"],"ports":null,"limitResource":{"cpu":"","memory":""},"tty":false,"volumeMounts":[{"name":"job-volume","mountPath":"/home/job"}]}],"nodeName":"node1","gpu":true,"gpuJobName":"cuda"},"status":{"phase":"Pending"}}
[ReplicaSet] [UpdatePod]  phase is not satisfied(only need Running): Pending
[httpclient] [Watch] unmarshal: /api/v1/pods/cuda {"metadata":{"name":"cuda","uid":"1330a840-3a45-4735-8e6c-f88029263cb9","generation":1,"creationTimestamp":"2023-05-27T05:19:31Z"},"spec":{"volumes":[{"name":"job-volume","hostPath":"/home/job"}],"containers":[{"name":"cuda-gpu","image":"gpu-jobs-image","command":["--jobname=cuda","--outfile=cuda","--errfile=cuda"],"entryPoint":["./gpuserver"],"ports":null,"limitResource":{"cpu":"","memory":""},"tty":false,"volumeMounts":[{"name":"job-volume","mountPath":"/home/job"}]}],"nodeName":"node1","gpu":true,"gpuJobName":"cuda"},"status":{"phase":"Running","podIP":"10.0.13.2"}} MODIFIED
[ReplicaSet] [UpdatePod]  event.type:  Modify
[ReplicaSet] [UpdatePod]  event.Key:  /api/v1/pods/cuda
[ReplicaSet] [UpdatePod]  event.Val:  {"metadata":{"name":"cuda","uid":"1330a840-3a45-4735-8e6c-f88029263cb9","generation":1,"creationTimestamp":"2023-05-27T05:19:31Z"},"spec":{"volumes":[{"name":"job-volume","hostPath":"/home/job"}],"containers":[{"name":"cuda-gpu","image":"gpu-jobs-image","command":["--jobname=cuda","--outfile=cuda","--errfile=cuda"],"entryPoint":["./gpuserver"],"ports":null,"limitResource":{"cpu":"","memory":""},"tty":false,"volumeMounts":[{"name":"job-volume","mountPath":"/home/job"}]}],"nodeName":"node1","gpu":true,"gpuJobName":"cuda"},"status":{"phase":"Running","podIP":"10.0.13.2"}}
[ReplicaSet] [UpdatePod]  not find replicaset match pod:  cuda
[httpclient] [Watch] unmarshal: /api/v1/pods/cuda {"metadata":{"name":"cuda","uid":"1330a840-3a45-4735-8e6c-f88029263cb9","generation":1,"creationTimestamp":"2023-05-27T05:19:31Z"},"spec":{"volumes":[{"name":"job-volume","hostPath":"/home/job"}],"containers":[{"name":"cuda-gpu","image":"gpu-jobs-image","command":["--jobname=cuda","--outfile=cuda","--errfile=cuda"],"entryPoint":["./gpuserver"],"ports":null,"limitResource":{"cpu":"","memory":""},"tty":false,"volumeMounts":[{"name":"job-volume","mountPath":"/home/job"}]}],"nodeName":"node1","gpu":true,"gpuJobName":"cuda"},"status":{"phase":"Running","podIP":"10.0.13.2"}} MODIFIED
[HPA] [UpdatePod]  event.type:  Modify
[HPA] [UpdatePod]  event.Key:  /api/v1/pods/cuda
[httpclient] [Watch] unmarshal: /api/v1/pods/cuda {"metadata":{"name":"cuda","uid":"1330a840-3a45-4735-8e6c-f88029263cb9","generation":1,"creationTimestamp":"2023-05-27T05:19:31Z"},"spec":{"volumes":[{"name":"job-volume","hostPath":"/home/job"}],"containers":[{"name":"cuda-gpu","image":"gpu-jobs-image","command":["--jobname=cuda","--outfile=cuda","--errfile=cuda"],"entryPoint":["./gpuserver"],"ports":null,"limitResource":{"cpu":"","memory":""},"tty":false,"volumeMounts":[{"name":"job-volume","mountPath":"/home/job"}]}],"nodeName":"node1","gpu":true,"gpuJobName":"cuda"},"status":{"phase":"Succeeded","podIP":"10.0.13.2"}} MODIFIED
[ReplicaSet] [UpdatePod]  event.type:  Modify
[ReplicaSet] [UpdatePod]  event.Key:  /api/v1/pods/cuda
[ReplicaSet] [UpdatePod]  event.Val:  {"metadata":{"name":"cuda","uid":"1330a840-3a45-4735-8e6c-f88029263cb9","generation":1,"creationTimestamp":"2023-05-27T05:19:31Z"},"spec":{"volumes":[{"name":"job-volume","hostPath":"/home/job"}],"containers":[{"name":"cuda-gpu","image":"gpu-jobs-image","command":["--jobname=cuda","--outfile=cuda","--errfile=cuda"],"entryPoint":["./gpuserver"],"ports":null,"limitResource":{"cpu":"","memory":""},"tty":false,"volumeMounts":[{"name":"job-volume","mountPath":"/home/job"}]}],"nodeName":"node1","gpu":true,"gpuJobName":"cuda"},"status":{"phase":"Succeeded","podIP":"10.0.13.2"}}
[ReplicaSet] [UpdatePod]  phase is not satisfied(only need Running): Succeeded
[httpclient] [Watch] unmarshal: /api/v1/pods/cuda {"metadata":{"name":"cuda","uid":"1330a840-3a45-4735-8e6c-f88029263cb9","generation":1,"creationTimestamp":"2023-05-27T05:19:31Z"},"spec":{"volumes":[{"name":"job-volume","hostPath":"/home/job"}],"containers":[{"name":"cuda-gpu","image":"gpu-jobs-image","command":["--jobname=cuda","--outfile=cuda","--errfile=cuda"],"entryPoint":["./gpuserver"],"ports":null,"limitResource":{"cpu":"","memory":""},"tty":false,"volumeMounts":[{"name":"job-volume","mountPath":"/home/job"}]}],"nodeName":"node1","gpu":true,"gpuJobName":"cuda"},"status":{"phase":"Succeeded","podIP":"10.0.13.2"}} MODIFIED
[HPA] [UpdatePod]  event.type:  Modify
[HPA] [UpdatePod]  event.Key:  /api/v1/pods/cuda
