[httpclient] [List]  []
[httpclient] [List]  []
[httpclient] [Watch] start watch
[httpclient] [Watch] start watch
[httpclient] [Watch] unmarshal: /api/v1/replicasets/my-replicaset {"kind":"ReplicaSet","apiVersion":"apps/v1","metadata":{"name":"my-replicaset","uid":"4249903d-5f53-40f7-a0df-b644a7117026","creationTimestamp":"2023-05-24T04:14:16Z"},"spec":{"replicas":3,"selector":{"matchLabels":{"app":"my-app"}},"template":{"metadata":{"creationTimestamp":null,"labels":{"app":"my-app"}},"spec":{"volumes":[{"name":"my-volume","hostPath":""}],"containers":[{"name":"my-container","image":"nginx:latest","command":["nginx","-g","daemon off;"],"entryPoint":null,"ports":[{"Protocol":"","PortNumber":""}],"limitResource":{"cpu":"","memory":""},"tty":false,"volumeMounts":[{"name":"my-volume","mountPath":"/usr/share/nginx/html"}]}]}}},"status":{"replicas":0}} ADDED
[ReplicaSet] [AddReplicaset]  event.type:  Add
[ReplicaSet] [AddReplicaset]  event.Key:  /api/v1/replicasets/my-replicaset
[ReplicaSet] [AddReplicaset]  event.Val:  {"kind":"ReplicaSet","apiVersion":"apps/v1","metadata":{"name":"my-replicaset","uid":"4249903d-5f53-40f7-a0df-b644a7117026","creationTimestamp":"2023-05-24T04:14:16Z"},"spec":{"replicas":3,"selector":{"matchLabels":{"app":"my-app"}},"template":{"metadata":{"creationTimestamp":null,"labels":{"app":"my-app"}},"spec":{"volumes":[{"name":"my-volume","hostPath":""}],"containers":[{"name":"my-container","image":"nginx:latest","command":["nginx","-g","daemon off;"],"entryPoint":null,"ports":[{"Protocol":"","PortNumber":""}],"limitResource":{"cpu":"","memory":""},"tty":false,"volumeMounts":[{"name":"my-volume","mountPath":"/usr/share/nginx/html"}]}]}}},"status":{"replicas":0}}
[ReplicaSet] [worker]  start to create  3  pod(s).
[ReplicaSet] [worker]  crate pod:  my-replicaset-sxjqh
[kubectl] [create] [RunCreate] [SendHttpRequest] [CheckHttpStatus]  Response Status: 200 OK
[kubectl] [create] [RunCreate] [SendHttpRequest] [CheckHttpStatus]  Response Body: {"message":"add pod success."}
[ReplicaSet] [worker] finish to create/delete 1 pod(s).
[ReplicaSet] [worker]  start to create  2  pod(s).
[ReplicaSet] [worker]  crate pod:  my-replicaset-6rkxw
[httpclient] [Watch] unmarshal: /api/v1/pods/my-replicaset-sxjqh {"metadata":{"name":"my-replicaset-sxjqh","uid":"1f68e83e-2b9a-474d-858e-3ae93b73e024","generation":1,"creationTimestamp":"2023-05-24T04:14:18Z","labels":{"app":"my-app"},"ownerReferences":[{"apiVersion":"apps/v1","kind":"ReplicaSet","name":"my-replicaset","uid":"4249903d-5f53-40f7-a0df-b644a7117026"}]},"spec":{"volumes":[{"name":"my-volume","hostPath":""}],"containers":[{"name":"my-container","image":"nginx:latest","command":["nginx","-g","daemon off;"],"entryPoint":null,"ports":[{"Protocol":"","PortNumber":""}],"limitResource":{"cpu":"","memory":""},"tty":false,"volumeMounts":[{"name":"my-volume","mountPath":"/usr/share/nginx/html"}]}]},"status":{"phase":"Pending"}} ADDED
[ReplicaSet] [AddPod]  event.type:  Add
[ReplicaSet] [AddPod]  event.Key:  /api/v1/pods/my-replicaset-sxjqh
[ReplicaSet] [AddPod]  event.Val:  {"metadata":{"name":"my-replicaset-sxjqh","uid":"1f68e83e-2b9a-474d-858e-3ae93b73e024","generation":1,"creationTimestamp":"2023-05-24T04:14:18Z","labels":{"app":"my-app"},"ownerReferences":[{"apiVersion":"apps/v1","kind":"ReplicaSet","name":"my-replicaset","uid":"4249903d-5f53-40f7-a0df-b644a7117026"}]},"spec":{"volumes":[{"name":"my-volume","hostPath":""}],"containers":[{"name":"my-container","image":"nginx:latest","command":["nginx","-g","daemon off;"],"entryPoint":null,"ports":[{"Protocol":"","PortNumber":""}],"limitResource":{"cpu":"","memory":""},"tty":false,"volumeMounts":[{"name":"my-volume","mountPath":"/usr/share/nginx/html"}]}]},"status":{"phase":"Pending"}}
[kubectl] [create] [RunCreate] [SendHttpRequest] [CheckHttpStatus]  Response Status: 200 OK
[kubectl] [create] [RunCreate] [SendHttpRequest] [CheckHttpStatus]  Response Body: {"message":"add pod success."}
[ReplicaSet] [worker] finish to create/delete 1 pod(s).
[ReplicaSet] [worker]  start to create  1  pod(s).
[ReplicaSet] [worker]  crate pod:  my-replicaset-t65pv
[kubectl] [create] [RunCreate] [SendHttpRequest] [CheckHttpStatus]  Response Status: 200 OK
[kubectl] [create] [RunCreate] [SendHttpRequest] [CheckHttpStatus]  Response Body: {"message":"add pod success."}
[ReplicaSet] [worker] finish to create/delete 1 pod(s).
[ReplicaSet] [worker] [SendHttpRequest] [CheckHttpStatus]  Response Status: 200 OK
[ReplicaSet] [worker]  succeed to update replica:  my-replicaset
[httpclient] [Watch] unmarshal: /api/v1/replicasets/my-replicaset {"kind":"ReplicaSet","apiVersion":"apps/v1","metadata":{"name":"my-replicaset","uid":"4249903d-5f53-40f7-a0df-b644a7117026","creationTimestamp":"2023-05-24T04:14:16Z"},"spec":{"replicas":3,"selector":{"matchLabels":{"app":"my-app"}},"template":{"metadata":{"creationTimestamp":null,"labels":{"app":"my-app"}},"spec":{"volumes":[{"name":"my-volume","hostPath":""}],"containers":[{"name":"my-container","image":"nginx:latest","command":["nginx","-g","daemon off;"],"entryPoint":null,"ports":[{"Protocol":"","PortNumber":""}],"limitResource":{"cpu":"","memory":""},"tty":false,"volumeMounts":[{"name":"my-volume","mountPath":"/usr/share/nginx/html"}]}]}}},"status":{"replicas":3}} MODIFIED
[ReplicaSet] [UpdateReplicaset]  event.type:  Modify
[ReplicaSet] [UpdateReplicaset]  event.Key:  /api/v1/replicasets/my-replicaset
[ReplicaSet] [UpdateReplicaset]  event.Val:  {"kind":"ReplicaSet","apiVersion":"apps/v1","metadata":{"name":"my-replicaset","uid":"4249903d-5f53-40f7-a0df-b644a7117026","creationTimestamp":"2023-05-24T04:14:16Z"},"spec":{"replicas":3,"selector":{"matchLabels":{"app":"my-app"}},"template":{"metadata":{"creationTimestamp":null,"labels":{"app":"my-app"}},"spec":{"volumes":[{"name":"my-volume","hostPath":""}],"containers":[{"name":"my-container","image":"nginx:latest","command":["nginx","-g","daemon off;"],"entryPoint":null,"ports":[{"Protocol":"","PortNumber":""}],"limitResource":{"cpu":"","memory":""},"tty":false,"volumeMounts":[{"name":"my-volume","mountPath":"/usr/share/nginx/html"}]}]}}},"status":{"replicas":3}}
[httpclient] [Watch] unmarshal: /api/v1/pods/my-replicaset-6rkxw {"metadata":{"name":"my-replicaset-6rkxw","uid":"f351e9b9-b905-499f-8850-055305a0707a","generation":1,"creationTimestamp":"2023-05-24T04:14:18Z","labels":{"app":"my-app"},"ownerReferences":[{"apiVersion":"apps/v1","kind":"ReplicaSet","name":"my-replicaset","uid":"4249903d-5f53-40f7-a0df-b644a7117026"}]},"spec":{"volumes":[{"name":"my-volume","hostPath":""}],"containers":[{"name":"my-container","image":"nginx:latest","command":["nginx","-g","daemon off;"],"entryPoint":null,"ports":[{"Protocol":"","PortNumber":""}],"limitResource":{"cpu":"","memory":""},"tty":false,"volumeMounts":[{"name":"my-volume","mountPath":"/usr/share/nginx/html"}]}]},"status":{"phase":"Pending"}} ADDED
[httpclient] [Watch] unmarshal: /api/v1/pods/my-replicaset-t65pv {"metadata":{"name":"my-replicaset-t65pv","uid":"3ab5f59d-a13c-40d7-9001-293b66648753","generation":1,"creationTimestamp":"2023-05-24T04:14:18Z","labels":{"app":"my-app"},"ownerReferences":[{"apiVersion":"apps/v1","kind":"ReplicaSet","name":"my-replicaset","uid":"4249903d-5f53-40f7-a0df-b644a7117026"}]},"spec":{"volumes":[{"name":"my-volume","hostPath":""}],"containers":[{"name":"my-container","image":"nginx:latest","command":["nginx","-g","daemon off;"],"entryPoint":null,"ports":[{"Protocol":"","PortNumber":""}],"limitResource":{"cpu":"","memory":""},"tty":false,"volumeMounts":[{"name":"my-volume","mountPath":"/usr/share/nginx/html"}]}]},"status":{"phase":"Pending"}} ADDED
[ReplicaSet] [AddPod]  event.type:  Add
[ReplicaSet] [AddPod]  event.Key:  /api/v1/pods/my-replicaset-6rkxw
[ReplicaSet] [AddPod]  event.Val:  {"metadata":{"name":"my-replicaset-6rkxw","uid":"f351e9b9-b905-499f-8850-055305a0707a","generation":1,"creationTimestamp":"2023-05-24T04:14:18Z","labels":{"app":"my-app"},"ownerReferences":[{"apiVersion":"apps/v1","kind":"ReplicaSet","name":"my-replicaset","uid":"4249903d-5f53-40f7-a0df-b644a7117026"}]},"spec":{"volumes":[{"name":"my-volume","hostPath":""}],"containers":[{"name":"my-container","image":"nginx:latest","command":["nginx","-g","daemon off;"],"entryPoint":null,"ports":[{"Protocol":"","PortNumber":""}],"limitResource":{"cpu":"","memory":""},"tty":false,"volumeMounts":[{"name":"my-volume","mountPath":"/usr/share/nginx/html"}]}]},"status":{"phase":"Pending"}}
[ReplicaSet] [AddPod]  event.type:  Add
[ReplicaSet] [AddPod]  event.Key:  /api/v1/pods/my-replicaset-t65pv
[ReplicaSet] [AddPod]  event.Val:  {"metadata":{"name":"my-replicaset-t65pv","uid":"3ab5f59d-a13c-40d7-9001-293b66648753","generation":1,"creationTimestamp":"2023-05-24T04:14:18Z","labels":{"app":"my-app"},"ownerReferences":[{"apiVersion":"apps/v1","kind":"ReplicaSet","name":"my-replicaset","uid":"4249903d-5f53-40f7-a0df-b644a7117026"}]},"spec":{"volumes":[{"name":"my-volume","hostPath":""}],"containers":[{"name":"my-container","image":"nginx:latest","command":["nginx","-g","daemon off;"],"entryPoint":null,"ports":[{"Protocol":"","PortNumber":""}],"limitResource":{"cpu":"","memory":""},"tty":false,"volumeMounts":[{"name":"my-volume","mountPath":"/usr/share/nginx/html"}]}]},"status":{"phase":"Pending"}}
[httpclient] [Watch] unmarshal: /api/v1/pods/my-replicaset-sxjqh {"metadata":{"name":"my-replicaset-sxjqh","uid":"1f68e83e-2b9a-474d-858e-3ae93b73e024","generation":1,"creationTimestamp":"2023-05-24T04:14:18Z","labels":{"app":"my-app"},"ownerReferences":[{"apiVersion":"apps/v1","kind":"ReplicaSet","name":"my-replicaset","uid":"4249903d-5f53-40f7-a0df-b644a7117026"}]},"spec":{"volumes":[{"name":"my-volume","hostPath":""}],"containers":[{"name":"my-container","image":"nginx:latest","command":["nginx","-g","daemon off;"],"entryPoint":null,"ports":[{"Protocol":"","PortNumber":""}],"limitResource":{"cpu":"","memory":""},"tty":false,"volumeMounts":[{"name":"my-volume","mountPath":"/usr/share/nginx/html"}]}],"nodeName":"node1"},"status":{"phase":"Pending"}} MODIFIED
[ReplicaSet] [UpdatePod]  event.type:  Modify
[ReplicaSet] [UpdatePod]  event.Key:  /api/v1/pods/my-replicaset-sxjqh
[ReplicaSet] [UpdatePod]  event.Val:  {"metadata":{"name":"my-replicaset-sxjqh","uid":"1f68e83e-2b9a-474d-858e-3ae93b73e024","generation":1,"creationTimestamp":"2023-05-24T04:14:18Z","labels":{"app":"my-app"},"ownerReferences":[{"apiVersion":"apps/v1","kind":"ReplicaSet","name":"my-replicaset","uid":"4249903d-5f53-40f7-a0df-b644a7117026"}]},"spec":{"volumes":[{"name":"my-volume","hostPath":""}],"containers":[{"name":"my-container","image":"nginx:latest","command":["nginx","-g","daemon off;"],"entryPoint":null,"ports":[{"Protocol":"","PortNumber":""}],"limitResource":{"cpu":"","memory":""},"tty":false,"volumeMounts":[{"name":"my-volume","mountPath":"/usr/share/nginx/html"}]}],"nodeName":"node1"},"status":{"phase":"Pending"}}
[ReplicaSet] [UpdatePod]  phase is not satisfied(only need Running): Pending
[httpclient] [Watch] unmarshal: /api/v1/pods/my-replicaset-6rkxw {"metadata":{"name":"my-replicaset-6rkxw","uid":"f351e9b9-b905-499f-8850-055305a0707a","generation":1,"creationTimestamp":"2023-05-24T04:14:18Z","labels":{"app":"my-app"},"ownerReferences":[{"apiVersion":"apps/v1","kind":"ReplicaSet","name":"my-replicaset","uid":"4249903d-5f53-40f7-a0df-b644a7117026"}]},"spec":{"volumes":[{"name":"my-volume","hostPath":""}],"containers":[{"name":"my-container","image":"nginx:latest","command":["nginx","-g","daemon off;"],"entryPoint":null,"ports":[{"Protocol":"","PortNumber":""}],"limitResource":{"cpu":"","memory":""},"tty":false,"volumeMounts":[{"name":"my-volume","mountPath":"/usr/share/nginx/html"}]}],"nodeName":"node1"},"status":{"phase":"Pending"}} MODIFIED
[httpclient] [Watch] unmarshal: /api/v1/pods/my-replicaset-t65pv {"metadata":{"name":"my-replicaset-t65pv","uid":"3ab5f59d-a13c-40d7-9001-293b66648753","generation":1,"creationTimestamp":"2023-05-24T04:14:18Z","labels":{"app":"my-app"},"ownerReferences":[{"apiVersion":"apps/v1","kind":"ReplicaSet","name":"my-replicaset","uid":"4249903d-5f53-40f7-a0df-b644a7117026"}]},"spec":{"volumes":[{"name":"my-volume","hostPath":""}],"containers":[{"name":"my-container","image":"nginx:latest","command":["nginx","-g","daemon off;"],"entryPoint":null,"ports":[{"Protocol":"","PortNumber":""}],"limitResource":{"cpu":"","memory":""},"tty":false,"volumeMounts":[{"name":"my-volume","mountPath":"/usr/share/nginx/html"}]}],"nodeName":"node1"},"status":{"phase":"Pending"}} MODIFIED
[ReplicaSet] [UpdatePod]  event.type:  Modify
[ReplicaSet] [UpdatePod]  event.Key:  /api/v1/pods/my-replicaset-6rkxw
[ReplicaSet] [UpdatePod]  event.Val:  {"metadata":{"name":"my-replicaset-6rkxw","uid":"f351e9b9-b905-499f-8850-055305a0707a","generation":1,"creationTimestamp":"2023-05-24T04:14:18Z","labels":{"app":"my-app"},"ownerReferences":[{"apiVersion":"apps/v1","kind":"ReplicaSet","name":"my-replicaset","uid":"4249903d-5f53-40f7-a0df-b644a7117026"}]},"spec":{"volumes":[{"name":"my-volume","hostPath":""}],"containers":[{"name":"my-container","image":"nginx:latest","command":["nginx","-g","daemon off;"],"entryPoint":null,"ports":[{"Protocol":"","PortNumber":""}],"limitResource":{"cpu":"","memory":""},"tty":false,"volumeMounts":[{"name":"my-volume","mountPath":"/usr/share/nginx/html"}]}],"nodeName":"node1"},"status":{"phase":"Pending"}}
[ReplicaSet] [UpdatePod]  phase is not satisfied(only need Running): Pending
[ReplicaSet] [UpdatePod]  event.type:  Modify
[ReplicaSet] [UpdatePod]  event.Key:  /api/v1/pods/my-replicaset-t65pv
[ReplicaSet] [UpdatePod]  event.Val:  {"metadata":{"name":"my-replicaset-t65pv","uid":"3ab5f59d-a13c-40d7-9001-293b66648753","generation":1,"creationTimestamp":"2023-05-24T04:14:18Z","labels":{"app":"my-app"},"ownerReferences":[{"apiVersion":"apps/v1","kind":"ReplicaSet","name":"my-replicaset","uid":"4249903d-5f53-40f7-a0df-b644a7117026"}]},"spec":{"volumes":[{"name":"my-volume","hostPath":""}],"containers":[{"name":"my-container","image":"nginx:latest","command":["nginx","-g","daemon off;"],"entryPoint":null,"ports":[{"Protocol":"","PortNumber":""}],"limitResource":{"cpu":"","memory":""},"tty":false,"volumeMounts":[{"name":"my-volume","mountPath":"/usr/share/nginx/html"}]}],"nodeName":"node1"},"status":{"phase":"Pending"}}
[ReplicaSet] [UpdatePod]  phase is not satisfied(only need Running): Pending
[httpclient] [Watch] unmarshal: /api/v1/pods/my-replicaset-sxjqh {"metadata":{"name":"my-replicaset-sxjqh","uid":"1f68e83e-2b9a-474d-858e-3ae93b73e024","generation":1,"creationTimestamp":"2023-05-24T04:14:18Z","labels":{"app":"my-app"},"ownerReferences":[{"apiVersion":"apps/v1","kind":"ReplicaSet","name":"my-replicaset","uid":"4249903d-5f53-40f7-a0df-b644a7117026"}]},"spec":{"volumes":[{"name":"my-volume","hostPath":""}],"containers":[{"name":"my-replicaset-sxjqh-my-container","image":"nginx:latest","command":["nginx","-g","daemon off;"],"entryPoint":null,"ports":[{"Protocol":"","PortNumber":""}],"limitResource":{"cpu":"","memory":""},"tty":false,"volumeMounts":[{"name":"my-volume","mountPath":"/usr/share/nginx/html"}]}],"nodeName":"node1"},"status":{"phase":"Running","podIP":"10.0.13.5"}} MODIFIED
[ReplicaSet] [UpdatePod]  event.type:  Modify
[ReplicaSet] [UpdatePod]  event.Key:  /api/v1/pods/my-replicaset-sxjqh
[ReplicaSet] [UpdatePod]  event.Val:  {"metadata":{"name":"my-replicaset-sxjqh","uid":"1f68e83e-2b9a-474d-858e-3ae93b73e024","generation":1,"creationTimestamp":"2023-05-24T04:14:18Z","labels":{"app":"my-app"},"ownerReferences":[{"apiVersion":"apps/v1","kind":"ReplicaSet","name":"my-replicaset","uid":"4249903d-5f53-40f7-a0df-b644a7117026"}]},"spec":{"volumes":[{"name":"my-volume","hostPath":""}],"containers":[{"name":"my-replicaset-sxjqh-my-container","image":"nginx:latest","command":["nginx","-g","daemon off;"],"entryPoint":null,"ports":[{"Protocol":"","PortNumber":""}],"limitResource":{"cpu":"","memory":""},"tty":false,"volumeMounts":[{"name":"my-volume","mountPath":"/usr/share/nginx/html"}]}],"nodeName":"node1"},"status":{"phase":"Running","podIP":"10.0.13.5"}}
[ReplicaSet] [UpdatePod]  already has ReplicaSet owner,  my-replicaset
[httpclient] [Watch] unmarshal: /api/v1/pods/my-replicaset-6rkxw {"metadata":{"name":"my-replicaset-6rkxw","uid":"f351e9b9-b905-499f-8850-055305a0707a","generation":1,"creationTimestamp":"2023-05-24T04:14:18Z","labels":{"app":"my-app"},"ownerReferences":[{"apiVersion":"apps/v1","kind":"ReplicaSet","name":"my-replicaset","uid":"4249903d-5f53-40f7-a0df-b644a7117026"}]},"spec":{"volumes":[{"name":"my-volume","hostPath":""}],"containers":[{"name":"my-replicaset-6rkxw-my-container","image":"nginx:latest","command":["nginx","-g","daemon off;"],"entryPoint":null,"ports":[{"Protocol":"","PortNumber":""}],"limitResource":{"cpu":"","memory":""},"tty":false,"volumeMounts":[{"name":"my-volume","mountPath":"/usr/share/nginx/html"}]}],"nodeName":"node1"},"status":{"phase":"Running","podIP":"10.0.13.6"}} MODIFIED
[ReplicaSet] [UpdatePod]  event.type:  Modify
[ReplicaSet] [UpdatePod]  event.Key:  /api/v1/pods/my-replicaset-6rkxw
[ReplicaSet] [UpdatePod]  event.Val:  {"metadata":{"name":"my-replicaset-6rkxw","uid":"f351e9b9-b905-499f-8850-055305a0707a","generation":1,"creationTimestamp":"2023-05-24T04:14:18Z","labels":{"app":"my-app"},"ownerReferences":[{"apiVersion":"apps/v1","kind":"ReplicaSet","name":"my-replicaset","uid":"4249903d-5f53-40f7-a0df-b644a7117026"}]},"spec":{"volumes":[{"name":"my-volume","hostPath":""}],"containers":[{"name":"my-replicaset-6rkxw-my-container","image":"nginx:latest","command":["nginx","-g","daemon off;"],"entryPoint":null,"ports":[{"Protocol":"","PortNumber":""}],"limitResource":{"cpu":"","memory":""},"tty":false,"volumeMounts":[{"name":"my-volume","mountPath":"/usr/share/nginx/html"}]}],"nodeName":"node1"},"status":{"phase":"Running","podIP":"10.0.13.6"}}
[ReplicaSet] [UpdatePod]  already has ReplicaSet owner,  my-replicaset
[httpclient] [Watch] unmarshal: /api/v1/pods/my-replicaset-t65pv {"metadata":{"name":"my-replicaset-t65pv","uid":"3ab5f59d-a13c-40d7-9001-293b66648753","generation":1,"creationTimestamp":"2023-05-24T04:14:18Z","labels":{"app":"my-app"},"ownerReferences":[{"apiVersion":"apps/v1","kind":"ReplicaSet","name":"my-replicaset","uid":"4249903d-5f53-40f7-a0df-b644a7117026"}]},"spec":{"volumes":[{"name":"my-volume","hostPath":""}],"containers":[{"name":"my-replicaset-t65pv-my-container","image":"nginx:latest","command":["nginx","-g","daemon off;"],"entryPoint":null,"ports":[{"Protocol":"","PortNumber":""}],"limitResource":{"cpu":"","memory":""},"tty":false,"volumeMounts":[{"name":"my-volume","mountPath":"/usr/share/nginx/html"}]}],"nodeName":"node1"},"status":{"phase":"Running","podIP":"10.0.13.7"}} MODIFIED
[ReplicaSet] [UpdatePod]  event.type:  Modify
[ReplicaSet] [UpdatePod]  event.Key:  /api/v1/pods/my-replicaset-t65pv
[ReplicaSet] [UpdatePod]  event.Val:  {"metadata":{"name":"my-replicaset-t65pv","uid":"3ab5f59d-a13c-40d7-9001-293b66648753","generation":1,"creationTimestamp":"2023-05-24T04:14:18Z","labels":{"app":"my-app"},"ownerReferences":[{"apiVersion":"apps/v1","kind":"ReplicaSet","name":"my-replicaset","uid":"4249903d-5f53-40f7-a0df-b644a7117026"}]},"spec":{"volumes":[{"name":"my-volume","hostPath":""}],"containers":[{"name":"my-replicaset-t65pv-my-container","image":"nginx:latest","command":["nginx","-g","daemon off;"],"entryPoint":null,"ports":[{"Protocol":"","PortNumber":""}],"limitResource":{"cpu":"","memory":""},"tty":false,"volumeMounts":[{"name":"my-volume","mountPath":"/usr/share/nginx/html"}]}],"nodeName":"node1"},"status":{"phase":"Running","podIP":"10.0.13.7"}}
[ReplicaSet] [UpdatePod]  already has ReplicaSet owner,  my-replicaset
[httpclient] [Watch] unmarshal: /api/v1/pods/test5 {"kind":"Pod","apiVersion":"v1","metadata":{"name":"test5","uid":"aaaf69e8-c227-42ee-8f5c-a453f6e99bba","generation":1,"creationTimestamp":"2023-05-24T04:14:36Z","labels":{"app":"my-app"}},"spec":{"volumes":[{"name":"my-volume","hostPath":""}],"containers":[{"name":"my-container","image":"nginx:latest","command":["nginx","-g","daemon off;"],"entryPoint":null,"ports":[{"Protocol":"","PortNumber":""}],"limitResource":{"cpu":"","memory":""},"tty":false,"volumeMounts":[{"name":"my-volume","mountPath":"/usr/share/nginx/html"}]}]},"status":{"phase":"Pending"}} ADDED
[ReplicaSet] [AddPod]  event.type:  Add
[ReplicaSet] [AddPod]  event.Key:  /api/v1/pods/test5
[ReplicaSet] [AddPod]  event.Val:  {"kind":"Pod","apiVersion":"v1","metadata":{"name":"test5","uid":"aaaf69e8-c227-42ee-8f5c-a453f6e99bba","generation":1,"creationTimestamp":"2023-05-24T04:14:36Z","labels":{"app":"my-app"}},"spec":{"volumes":[{"name":"my-volume","hostPath":""}],"containers":[{"name":"my-container","image":"nginx:latest","command":["nginx","-g","daemon off;"],"entryPoint":null,"ports":[{"Protocol":"","PortNumber":""}],"limitResource":{"cpu":"","memory":""},"tty":false,"volumeMounts":[{"name":"my-volume","mountPath":"/usr/share/nginx/html"}]}]},"status":{"phase":"Pending"}}
[httpclient] [Watch] unmarshal: /api/v1/pods/test5 {"kind":"Pod","apiVersion":"v1","metadata":{"name":"test5","uid":"aaaf69e8-c227-42ee-8f5c-a453f6e99bba","generation":1,"creationTimestamp":"2023-05-24T04:14:36Z","labels":{"app":"my-app"}},"spec":{"volumes":[{"name":"my-volume","hostPath":""}],"containers":[{"name":"my-container","image":"nginx:latest","command":["nginx","-g","daemon off;"],"entryPoint":null,"ports":[{"Protocol":"","PortNumber":""}],"limitResource":{"cpu":"","memory":""},"tty":false,"volumeMounts":[{"name":"my-volume","mountPath":"/usr/share/nginx/html"}]}],"nodeName":"node1"},"status":{"phase":"Pending"}} MODIFIED
[ReplicaSet] [UpdatePod]  event.type:  Modify
[ReplicaSet] [UpdatePod]  event.Key:  /api/v1/pods/test5
[ReplicaSet] [UpdatePod]  event.Val:  {"kind":"Pod","apiVersion":"v1","metadata":{"name":"test5","uid":"aaaf69e8-c227-42ee-8f5c-a453f6e99bba","generation":1,"creationTimestamp":"2023-05-24T04:14:36Z","labels":{"app":"my-app"}},"spec":{"volumes":[{"name":"my-volume","hostPath":""}],"containers":[{"name":"my-container","image":"nginx:latest","command":["nginx","-g","daemon off;"],"entryPoint":null,"ports":[{"Protocol":"","PortNumber":""}],"limitResource":{"cpu":"","memory":""},"tty":false,"volumeMounts":[{"name":"my-volume","mountPath":"/usr/share/nginx/html"}]}],"nodeName":"node1"},"status":{"phase":"Pending"}}
[ReplicaSet] [UpdatePod]  phase is not satisfied(only need Running): Pending
[httpclient] [Watch] unmarshal: /api/v1/pods/test5 {"kind":"Pod","apiVersion":"v1","metadata":{"name":"test5","uid":"aaaf69e8-c227-42ee-8f5c-a453f6e99bba","generation":1,"creationTimestamp":"2023-05-24T04:14:36Z","labels":{"app":"my-app"}},"spec":{"volumes":[{"name":"my-volume","hostPath":""}],"containers":[{"name":"test5-my-container","image":"nginx:latest","command":["nginx","-g","daemon off;"],"entryPoint":null,"ports":[{"Protocol":"","PortNumber":""}],"limitResource":{"cpu":"","memory":""},"tty":false,"volumeMounts":[{"name":"my-volume","mountPath":"/usr/share/nginx/html"}]}],"nodeName":"node1"},"status":{"phase":"Running","podIP":"10.0.13.8"}} MODIFIED
[ReplicaSet] [UpdatePod]  event.type:  Modify
[ReplicaSet] [UpdatePod]  event.Key:  /api/v1/pods/test5
[ReplicaSet] [UpdatePod]  event.Val:  {"kind":"Pod","apiVersion":"v1","metadata":{"name":"test5","uid":"aaaf69e8-c227-42ee-8f5c-a453f6e99bba","generation":1,"creationTimestamp":"2023-05-24T04:14:36Z","labels":{"app":"my-app"}},"spec":{"volumes":[{"name":"my-volume","hostPath":""}],"containers":[{"name":"test5-my-container","image":"nginx:latest","command":["nginx","-g","daemon off;"],"entryPoint":null,"ports":[{"Protocol":"","PortNumber":""}],"limitResource":{"cpu":"","memory":""},"tty":false,"volumeMounts":[{"name":"my-volume","mountPath":"/usr/share/nginx/html"}]}],"nodeName":"node1"},"status":{"phase":"Running","podIP":"10.0.13.8"}}
[ReplicaSet] [UpdatePod]  find replicaset match pod:  my-replicaset
[ReplicaSet] [UpdatePod] [SendHttpRequest] [CheckHttpStatus]  Response Status: 200 OK
[ReplicaSet] [UpdatePod] [SendHttpRequest] [CheckHttpStatus]  Response Status: 200 OK
[httpclient] [Watch] unmarshal: /api/v1/replicasets/my-replicaset {"kind":"ReplicaSet","apiVersion":"apps/v1","metadata":{"name":"my-replicaset","uid":"4249903d-5f53-40f7-a0df-b644a7117026","creationTimestamp":"2023-05-24T04:14:16Z"},"spec":{"replicas":3,"selector":{"matchLabels":{"app":"my-app"}},"template":{"metadata":{"creationTimestamp":null,"labels":{"app":"my-app"}},"spec":{"volumes":[{"name":"my-volume","hostPath":""}],"containers":[{"name":"my-container","image":"nginx:latest","command":["nginx","-g","daemon off;"],"entryPoint":null,"ports":[{"Protocol":"","PortNumber":""}],"limitResource":{"cpu":"","memory":""},"tty":false,"volumeMounts":[{"name":"my-volume","mountPath":"/usr/share/nginx/html"}]}]}}},"status":{"replicas":4}} MODIFIED
[ReplicaSet] [UpdateReplicaset]  event.type:  Modify
[ReplicaSet] [UpdateReplicaset]  event.Key:  /api/v1/replicasets/my-replicaset
[ReplicaSet] [UpdateReplicaset]  event.Val:  {"kind":"ReplicaSet","apiVersion":"apps/v1","metadata":{"name":"my-replicaset","uid":"4249903d-5f53-40f7-a0df-b644a7117026","creationTimestamp":"2023-05-24T04:14:16Z"},"spec":{"replicas":3,"selector":{"matchLabels":{"app":"my-app"}},"template":{"metadata":{"creationTimestamp":null,"labels":{"app":"my-app"}},"spec":{"volumes":[{"name":"my-volume","hostPath":""}],"containers":[{"name":"my-container","image":"nginx:latest","command":["nginx","-g","daemon off;"],"entryPoint":null,"ports":[{"Protocol":"","PortNumber":""}],"limitResource":{"cpu":"","memory":""},"tty":false,"volumeMounts":[{"name":"my-volume","mountPath":"/usr/share/nginx/html"}]}]}}},"status":{"replicas":4}}
[ReplicaSet] [worker]  start to delete  1  pod(s).
[ReplicaSet] [worker]  delete pod:  test5
[ReplicaSet] [worker] [SendHttpRequest] [CheckHttpStatus]  Response Status: 200 OK
[ReplicaSet] [worker] [SendHttpRequest] [CheckHttpStatus]  Response Status: 200 OK
[ReplicaSet] [worker] [SendHttpRequest] [CheckHttpStatus]  Response Body: {"deletePodName":"test5","message":"delete pod success"}
[ReplicaSet] [worker] finish to create/delete -1 pod(s).
[ReplicaSet] [worker] [SendHttpRequest] [CheckHttpStatus]  Response Status: 200 OK
[ReplicaSet] [worker]  succeed to update replica:  my-replicaset
[ReplicaSet] [worker] [SendHttpRequest] [CheckHttpStatus]  Response Status: 200 OK
[ReplicaSet] [worker]  succeed to update replica:  my-replicaset
[httpclient] [Watch] unmarshal: /api/v1/pods/test5 {"kind":"Pod","apiVersion":"v1","metadata":{"name":"test5","uid":"aaaf69e8-c227-42ee-8f5c-a453f6e99bba","generation":1,"creationTimestamp":"2023-05-24T04:14:36Z","labels":{"app":"my-app"},"ownerReferences":[{"apiVersion":"apps/v1","kind":"ReplicaSet","name":"my-replicaset","uid":"4249903d-5f53-40f7-a0df-b644a7117026"}]},"spec":{"volumes":[{"name":"my-volume","hostPath":""}],"containers":[{"name":"test5-my-container","image":"nginx:latest","command":["nginx","-g","daemon off;"],"entryPoint":null,"ports":[{"Protocol":"","PortNumber":""}],"limitResource":{"cpu":"","memory":""},"tty":false,"volumeMounts":[{"name":"my-volume","mountPath":"/usr/share/nginx/html"}]}],"nodeName":"node1"},"status":{"phase":"Running","podIP":"10.0.13.8"}} MODIFIED
[httpclient] [Watch] unmarshal: /api/v1/pods/test5 {"kind":"Pod","apiVersion":"v1","metadata":{"name":"test5","uid":"aaaf69e8-c227-42ee-8f5c-a453f6e99bba","generation":1,"creationTimestamp":"2023-05-24T04:14:36Z","labels":{"app":"my-app"},"ownerReferences":[{"apiVersion":"apps/v1","kind":"ReplicaSet","name":"","uid":""}]},"spec":{"volumes":[{"name":"my-volume","hostPath":""}],"containers":[{"name":"test5-my-container","image":"nginx:latest","command":["nginx","-g","daemon off;"],"entryPoint":null,"ports":[{"Protocol":"","PortNumber":""}],"limitResource":{"cpu":"","memory":""},"tty":false,"volumeMounts":[{"name":"my-volume","mountPath":"/usr/share/nginx/html"}]}],"nodeName":"node1"},"status":{"phase":"Running","podIP":"10.0.13.8"}} MODIFIED
[ReplicaSet] [UpdatePod]  event.type:  Modify
[ReplicaSet] [UpdatePod]  event.Key:  /api/v1/pods/test5
[ReplicaSet] [UpdatePod]  event.Val:  {"kind":"Pod","apiVersion":"v1","metadata":{"name":"test5","uid":"aaaf69e8-c227-42ee-8f5c-a453f6e99bba","generation":1,"creationTimestamp":"2023-05-24T04:14:36Z","labels":{"app":"my-app"},"ownerReferences":[{"apiVersion":"apps/v1","kind":"ReplicaSet","name":"my-replicaset","uid":"4249903d-5f53-40f7-a0df-b644a7117026"}]},"spec":{"volumes":[{"name":"my-volume","hostPath":""}],"containers":[{"name":"test5-my-container","image":"nginx:latest","command":["nginx","-g","daemon off;"],"entryPoint":null,"ports":[{"Protocol":"","PortNumber":""}],"limitResource":{"cpu":"","memory":""},"tty":false,"volumeMounts":[{"name":"my-volume","mountPath":"/usr/share/nginx/html"}]}],"nodeName":"node1"},"status":{"phase":"Running","podIP":"10.0.13.8"}}
[ReplicaSet] [UpdatePod]  already has ReplicaSet owner,  my-replicaset
[ReplicaSet] [UpdatePod]  event.type:  Modify
[ReplicaSet] [UpdatePod]  event.Key:  /api/v1/pods/test5
[ReplicaSet] [UpdatePod]  event.Val:  {"kind":"Pod","apiVersion":"v1","metadata":{"name":"test5","uid":"aaaf69e8-c227-42ee-8f5c-a453f6e99bba","generation":1,"creationTimestamp":"2023-05-24T04:14:36Z","labels":{"app":"my-app"},"ownerReferences":[{"apiVersion":"apps/v1","kind":"ReplicaSet","name":"","uid":""}]},"spec":{"volumes":[{"name":"my-volume","hostPath":""}],"containers":[{"name":"test5-my-container","image":"nginx:latest","command":["nginx","-g","daemon off;"],"entryPoint":null,"ports":[{"Protocol":"","PortNumber":""}],"limitResource":{"cpu":"","memory":""},"tty":false,"volumeMounts":[{"name":"my-volume","mountPath":"/usr/share/nginx/html"}]}],"nodeName":"node1"},"status":{"phase":"Running","podIP":"10.0.13.8"}}
[httpclient] [Watch] unmarshal: /api/v1/pods/test5  DELETED
[ReplicaSet] [UpdatePod]  owner ReplicaSet name is empty, it's a mark, ignore it.
[ReplicaSet] [DeletePod]  event.type:  Delete
[ReplicaSet] [DeletePod]  event.Key:  /api/v1/pods/test5
[ReplicaSet] [DeletePod]  owner ReplicaSet name is empty, it's a mark, ignore it.
[httpclient] [Watch] unmarshal: /api/v1/replicasets/my-replicaset {"kind":"ReplicaSet","apiVersion":"apps/v1","metadata":{"name":"my-replicaset","uid":"4249903d-5f53-40f7-a0df-b644a7117026","creationTimestamp":"2023-05-24T04:14:16Z"},"spec":{"replicas":3,"selector":{"matchLabels":{"app":"my-app"}},"template":{"metadata":{"creationTimestamp":null,"labels":{"app":"my-app"}},"spec":{"volumes":[{"name":"my-volume","hostPath":""}],"containers":[{"name":"my-container","image":"nginx:latest","command":["nginx","-g","daemon off;"],"entryPoint":null,"ports":[{"Protocol":"","PortNumber":""}],"limitResource":{"cpu":"","memory":""},"tty":false,"volumeMounts":[{"name":"my-volume","mountPath":"/usr/share/nginx/html"}]}]}}},"status":{"replicas":3}} MODIFIED
[httpclient] [Watch] unmarshal: /api/v1/replicasets/my-replicaset {"kind":"ReplicaSet","apiVersion":"apps/v1","metadata":{"name":"my-replicaset","uid":"4249903d-5f53-40f7-a0df-b644a7117026","creationTimestamp":"2023-05-24T04:14:16Z"},"spec":{"replicas":3,"selector":{"matchLabels":{"app":"my-app"}},"template":{"metadata":{"creationTimestamp":null,"labels":{"app":"my-app"}},"spec":{"volumes":[{"name":"my-volume","hostPath":""}],"containers":[{"name":"my-container","image":"nginx:latest","command":["nginx","-g","daemon off;"],"entryPoint":null,"ports":[{"Protocol":"","PortNumber":""}],"limitResource":{"cpu":"","memory":""},"tty":false,"volumeMounts":[{"name":"my-volume","mountPath":"/usr/share/nginx/html"}]}]}}},"status":{"replicas":3}} MODIFIED
[ReplicaSet] [UpdateReplicaset]  event.type:  Modify
[ReplicaSet] [UpdateReplicaset]  event.Key:  /api/v1/replicasets/my-replicaset
[ReplicaSet] [UpdateReplicaset]  event.Val:  {"kind":"ReplicaSet","apiVersion":"apps/v1","metadata":{"name":"my-replicaset","uid":"4249903d-5f53-40f7-a0df-b644a7117026","creationTimestamp":"2023-05-24T04:14:16Z"},"spec":{"replicas":3,"selector":{"matchLabels":{"app":"my-app"}},"template":{"metadata":{"creationTimestamp":null,"labels":{"app":"my-app"}},"spec":{"volumes":[{"name":"my-volume","hostPath":""}],"containers":[{"name":"my-container","image":"nginx:latest","command":["nginx","-g","daemon off;"],"entryPoint":null,"ports":[{"Protocol":"","PortNumber":""}],"limitResource":{"cpu":"","memory":""},"tty":false,"volumeMounts":[{"name":"my-volume","mountPath":"/usr/share/nginx/html"}]}]}}},"status":{"replicas":3}}
[ReplicaSet] [UpdateReplicaset]  event.type:  Modify
[ReplicaSet] [UpdateReplicaset]  event.Key:  /api/v1/replicasets/my-replicaset
[ReplicaSet] [UpdateReplicaset]  event.Val:  {"kind":"ReplicaSet","apiVersion":"apps/v1","metadata":{"name":"my-replicaset","uid":"4249903d-5f53-40f7-a0df-b644a7117026","creationTimestamp":"2023-05-24T04:14:16Z"},"spec":{"replicas":3,"selector":{"matchLabels":{"app":"my-app"}},"template":{"metadata":{"creationTimestamp":null,"labels":{"app":"my-app"}},"spec":{"volumes":[{"name":"my-volume","hostPath":""}],"containers":[{"name":"my-container","image":"nginx:latest","command":["nginx","-g","daemon off;"],"entryPoint":null,"ports":[{"Protocol":"","PortNumber":""}],"limitResource":{"cpu":"","memory":""},"tty":false,"volumeMounts":[{"name":"my-volume","mountPath":"/usr/share/nginx/html"}]}]}}},"status":{"replicas":3}}
