[http]:  http://127.0.0.1:8080/api/v1/nodes
[httpclient] [AddNode] [CheckHttpStatus]  Response Status: 200 OK
[httpclient] [List]  []
[httpclient] [Watch] start watch
cuda-gpu Exited:0
cuda-pause not found.
docker_myapp_1 Exited:1
docker_Etcd_1 not found.
cadvisor not found.
grafana not found.
node_exporter not found.
prometheus not found.
gpu Exited:137
eager_kilby Exited:0
romantic_galileo Exited:137
jovial_lamarr Exited:0
angry_yonath Exited:137
ubuntu_mnt_01 not found.
ubuntu-test Exited:0
-----------
cuda-gpu Exited:0
cuda-pause not found.
docker_myapp_1 Exited:1
docker_Etcd_1 not found.
cadvisor not found.
grafana not found.
node_exporter not found.
prometheus not found.
gpu Exited:137
eager_kilby Exited:0
romantic_galileo Exited:137
jovial_lamarr Exited:0
angry_yonath Exited:137
ubuntu_mnt_01 not found.
ubuntu-test Exited:0
-----------
[httpclient] [Watch] unmarshal: /api/v1/pods/busy {"metadata":{"name":"busy","uid":"e629a1f9-54b0-476f-864c-1cc83688838a","generation":1,"creationTimestamp":"2023-05-26T05:03:32Z","labels":{"app":"my-app"}},"spec":{"containers":[{"name":"cpu_stress_container","image":"busybox","command":["-c","while true; do :; done"],"entryPoint":["/bin/sh"],"ports":null,"limitResource":{"cpu":"1","memory":"128Mi"},"tty":false,"volumeMounts":null}]},"status":{"phase":"Pending"}} ADDED
[kubelet] [CreatePod]  event.Type:  Add
[kubelet] [CreatePod]  event.Key:  /api/v1/pods/busy
[kubelet] [CreatePod]  event.Val:  {"metadata":{"name":"busy","uid":"e629a1f9-54b0-476f-864c-1cc83688838a","generation":1,"creationTimestamp":"2023-05-26T05:03:32Z","labels":{"app":"my-app"}},"spec":{"containers":[{"name":"cpu_stress_container","image":"busybox","command":["-c","while true; do :; done"],"entryPoint":["/bin/sh"],"ports":null,"limitResource":{"cpu":"1","memory":"128Mi"},"tty":false,"volumeMounts":null}]},"status":{"phase":"Pending"}}
[httpclient] [Watch] unmarshal: /api/v1/pods/busy {"metadata":{"name":"busy","uid":"e629a1f9-54b0-476f-864c-1cc83688838a","generation":1,"creationTimestamp":"2023-05-26T05:03:32Z","labels":{"app":"my-app"}},"spec":{"containers":[{"name":"cpu_stress_container","image":"busybox","command":["-c","while true; do :; done"],"entryPoint":["/bin/sh"],"ports":null,"limitResource":{"cpu":"1","memory":"128Mi"},"tty":false,"volumeMounts":null}],"nodeName":"node1"},"status":{"phase":"Pending"}} MODIFIED
[kubelet] [UpdatePod]  event.Type:  Modify
[kubelet] [UpdatePod]  event.Key:  /api/v1/pods/busy
[kubelet] [UpdatePod]  event.Val:  {"metadata":{"name":"busy","uid":"e629a1f9-54b0-476f-864c-1cc83688838a","generation":1,"creationTimestamp":"2023-05-26T05:03:32Z","labels":{"app":"my-app"}},"spec":{"containers":[{"name":"cpu_stress_container","image":"busybox","command":["-c","while true; do :; done"],"entryPoint":["/bin/sh"],"ports":null,"limitResource":{"cpu":"1","memory":"128Mi"},"tty":false,"volumeMounts":null}],"nodeName":"node1"},"status":{"phase":"Pending"}}
[httpclient] [Watch] unmarshal: /api/v1/pods/busy {"metadata":{"name":"busy","uid":"e629a1f9-54b0-476f-864c-1cc83688838a","generation":1,"creationTimestamp":"2023-05-26T05:03:32Z","labels":{"app":"my-app"}},"spec":{"containers":[{"name":"busy-cpu_stress_container","image":"busybox","command":["-c","while true; do :; done"],"entryPoint":["/bin/sh"],"ports":null,"limitResource":{"cpu":"1","memory":"128Mi"},"tty":false,"volumeMounts":null}],"nodeName":"node1"},"status":{"phase":"Running","podIP":"10.0.13.2"}} MODIFIED
[kubelet] [UpdatePod] [SendHttpRequest] [CheckHttpStatus]  Response Status: 200 OK
busy-pause 8129866a064242434ba88b2f6aa3ccda74d8a3e84b00e4f0f3b4090f70e9f484
busy-cpu_stress_container 7d5ea30ad43f7f3deb1b4c24026912ad7c7d0016e86be57faba19af2d766c425
net: 
{
  "Bridge": "",
  "SandboxID": "ba38b7fa43f443f26a6059142d53e95316803fde3b1f2a25ef09576feb76df38",
  "HairpinMode": false,
  "LinkLocalIPv6Address": "",
  "LinkLocalIPv6PrefixLen": 0,
  "Ports": {},
  "SandboxKey": "/var/run/docker/netns/ba38b7fa43f4",
  "SecondaryIPAddresses": null,
  "SecondaryIPv6Addresses": null,
  "EndpointID": "eb584c2bd63cb8723cc6944137b5b64254a24d31a117269edc7d950b17a75ae4",
  "Gateway": "10.0.13.1",
  "GlobalIPv6Address": "",
  "GlobalIPv6PrefixLen": 0,
  "IPAddress": "10.0.13.2",
  "IPPrefixLen": 24,
  "IPv6Gateway": "",
  "MacAddress": "02:42:0a:00:0d:02",
  "Networks": {
    "bridge": {
      "IPAMConfig": null,
      "Links": null,
      "Aliases": null,
      "NetworkID": "dbb461d8d55e1d2c153ae4b731c94cea0ee54cd04f9537ca17ef2d0d7715241b",
      "EndpointID": "eb584c2bd63cb8723cc6944137b5b64254a24d31a117269edc7d950b17a75ae4",
      "Gateway": "10.0.13.1",
      "IPAddress": "10.0.13.2",
      "IPPrefixLen": 24,
      "IPv6Gateway": "",
      "GlobalIPv6Address": "",
      "GlobalIPv6PrefixLen": 0,
      "MacAddress": "02:42:0a:00:0d:02",
      "DriverOpts": null
    }
  }
}
-----------
[kubelet] [UpdatePod]  event.Type:  Modify
[kubelet] [UpdatePod]  event.Key:  /api/v1/pods/busy
[kubelet] [UpdatePod]  event.Val:  {"metadata":{"name":"busy","uid":"e629a1f9-54b0-476f-864c-1cc83688838a","generation":1,"creationTimestamp":"2023-05-26T05:03:32Z","labels":{"app":"my-app"}},"spec":{"containers":[{"name":"busy-cpu_stress_container","image":"busybox","command":["-c","while true; do :; done"],"entryPoint":["/bin/sh"],"ports":null,"limitResource":{"cpu":"1","memory":"128Mi"},"tty":false,"volumeMounts":null}],"nodeName":"node1"},"status":{"phase":"Running","podIP":"10.0.13.2"}}
[kubelet] [UpdatePod]  phase is not satisfied: Running
busy-cpu_stress_container not found.
busy-pause not found.
cuda-gpu Exited:0
cuda-pause not found.
docker_myapp_1 Exited:1
docker_Etcd_1 not found.
cadvisor not found.
grafana not found.
node_exporter not found.
prometheus not found.
gpu Exited:137
eager_kilby Exited:0
romantic_galileo Exited:137
jovial_lamarr Exited:0
angry_yonath Exited:137
ubuntu_mnt_01 not found.
ubuntu-test Exited:0
-----------
busy-cpu_stress_container not found.
busy-pause not found.
cuda-gpu Exited:0
cuda-pause not found.
docker_myapp_1 Exited:1
docker_Etcd_1 not found.
cadvisor not found.
grafana not found.
node_exporter not found.
prometheus not found.
gpu Exited:137
eager_kilby Exited:0
romantic_galileo Exited:137
jovial_lamarr Exited:0
angry_yonath Exited:137
ubuntu_mnt_01 not found.
ubuntu-test Exited:0
-----------
[httpclient] [List]  [{3 /api/v1/pods/busy {"metadata":{"name":"busy","uid":"e629a1f9-54b0-476f-864c-1cc83688838a","generation":1,"creationTimestamp":"2023-05-26T05:03:32Z","labels":{"app":"my-app"}},"spec":{"containers":[{"name":"busy-cpu_stress_container","image":"busybox","command":["-c","while true; do :; done"],"entryPoint":["/bin/sh"],"ports":null,"limitResource":{"cpu":"1","memory":"128Mi"},"tty":false,"volumeMounts":null}],"nodeName":"node1"},"status":{"phase":"Running","podIP":"10.0.13.2"}}}]
7d5ea30ad43f7f3deb1b4c24026912ad7c7d0016e86be57faba19af2d766c425
{0xc0003eecc0 linux}
CPU Usage: 99.470514
Memory Usage: 99.470514
busy-cpu_stress_container not found.
busy-pause not found.
cuda-gpu Exited:0
cuda-pause not found.
docker_myapp_1 Exited:1
docker_Etcd_1 not found.
cadvisor not found.
grafana not found.
node_exporter not found.
prometheus not found.
gpu Exited:137
eager_kilby Exited:0
romantic_galileo Exited:137
jovial_lamarr Exited:0
angry_yonath Exited:137
ubuntu_mnt_01 not found.
ubuntu-test Exited:0
-----------
busy-cpu_stress_container not found.
busy-pause not found.
cuda-gpu Exited:0
cuda-pause not found.
docker_myapp_1 Exited:1
docker_Etcd_1 not found.
cadvisor not found.
grafana not found.
node_exporter not found.
prometheus not found.
gpu Exited:137
eager_kilby Exited:0
romantic_galileo Exited:137
jovial_lamarr Exited:0
angry_yonath Exited:137
ubuntu_mnt_01 not found.
ubuntu-test Exited:0
-----------
busy-cpu_stress_container not found.
busy-pause not found.
cuda-gpu Exited:0
cuda-pause not found.
docker_myapp_1 Exited:1
docker_Etcd_1 not found.
cadvisor not found.
grafana not found.
node_exporter not found.
prometheus not found.
gpu Exited:137
eager_kilby Exited:0
romantic_galileo Exited:137
jovial_lamarr Exited:0
angry_yonath Exited:137
ubuntu_mnt_01 not found.
ubuntu-test Exited:0
-----------
busy-pause not found.
cuda-gpu Exited:0
cuda-pause not found.
docker_myapp_1 Exited:1
docker_Etcd_1 not found.
cadvisor not found.
grafana not found.
node_exporter not found.
prometheus not found.
gpu Exited:137
eager_kilby Exited:0
romantic_galileo Exited:137
jovial_lamarr Exited:0
angry_yonath Exited:137
ubuntu_mnt_01 not found.
ubuntu-test Exited:0
-----------
busy-pause not found.
cuda-gpu Exited:0
cuda-pause not found.
docker_myapp_1 Exited:1
docker_Etcd_1 not found.
cadvisor not found.
grafana not found.
node_exporter not found.
prometheus not found.
gpu Exited:137
eager_kilby Exited:0
romantic_galileo Exited:137
jovial_lamarr Exited:0
angry_yonath Exited:137
ubuntu_mnt_01 not found.
ubuntu-test Exited:0
-----------
busy-pause not found.
cuda-gpu Exited:0
cuda-pause not found.
docker_myapp_1 Exited:1
docker_Etcd_1 not found.
cadvisor not found.
grafana not found.
node_exporter not found.
prometheus not found.
gpu Exited:137
eager_kilby Exited:0
romantic_galileo Exited:137
jovial_lamarr Exited:0
angry_yonath Exited:137
ubuntu_mnt_01 not found.
ubuntu-test Exited:0
-----------
busy-pause not found.
cuda-gpu Exited:0
cuda-pause not found.
docker_myapp_1 Exited:1
docker_Etcd_1 not found.
cadvisor not found.
grafana not found.
node_exporter not found.
prometheus not found.
gpu Exited:137
eager_kilby Exited:0
romantic_galileo Exited:137
jovial_lamarr Exited:0
angry_yonath Exited:137
ubuntu_mnt_01 not found.
ubuntu-test Exited:0
-----------
busy-pause not found.
cuda-gpu Exited:0
cuda-pause not found.
docker_myapp_1 Exited:1
docker_Etcd_1 not found.
cadvisor not found.
grafana not found.
node_exporter not found.
prometheus not found.
gpu Exited:137
eager_kilby Exited:0
romantic_galileo Exited:137
jovial_lamarr Exited:0
angry_yonath Exited:137
ubuntu_mnt_01 not found.
ubuntu-test Exited:0
-----------
busy-pause not found.
cuda-gpu Exited:0
cuda-pause not found.
docker_myapp_1 Exited:1
docker_Etcd_1 not found.
cadvisor not found.
grafana not found.
node_exporter not found.
prometheus not found.
gpu Exited:137
eager_kilby Exited:0
romantic_galileo Exited:137
jovial_lamarr Exited:0
angry_yonath Exited:137
ubuntu_mnt_01 not found.
ubuntu-test Exited:0
-----------
busy-pause not found.
cuda-gpu Exited:0
cuda-pause not found.
docker_myapp_1 Exited:1
docker_Etcd_1 not found.
cadvisor not found.
grafana not found.
node_exporter not found.
prometheus not found.
gpu Exited:137
eager_kilby Exited:0
romantic_galileo Exited:137
jovial_lamarr Exited:0
angry_yonath Exited:137
ubuntu_mnt_01 not found.
ubuntu-test Exited:0
-----------
cuda-gpu Exited:0
cuda-pause not found.
docker_myapp_1 Exited:1
docker_Etcd_1 not found.
cadvisor not found.
grafana not found.
node_exporter not found.
prometheus not found.
gpu Exited:137
eager_kilby Exited:0
romantic_galileo Exited:137
jovial_lamarr Exited:0
angry_yonath Exited:137
ubuntu_mnt_01 not found.
ubuntu-test Exited:0
-----------
cuda-gpu Exited:0
cuda-pause not found.
docker_myapp_1 Exited:1
docker_Etcd_1 not found.
cadvisor not found.
grafana not found.
node_exporter not found.
prometheus not found.
gpu Exited:137
eager_kilby Exited:0
romantic_galileo Exited:137
jovial_lamarr Exited:0
angry_yonath Exited:137
ubuntu_mnt_01 not found.
ubuntu-test Exited:0
-----------
cuda-gpu Exited:0
cuda-pause not found.
docker_myapp_1 Exited:1
docker_Etcd_1 not found.
cadvisor not found.
grafana not found.
node_exporter not found.
prometheus not found.
gpu Exited:137
eager_kilby Exited:0
romantic_galileo Exited:137
jovial_lamarr Exited:0
angry_yonath Exited:137
ubuntu_mnt_01 not found.
ubuntu-test Exited:0
-----------
cuda-gpu Exited:0
cuda-pause not found.
docker_myapp_1 Exited:1
docker_Etcd_1 not found.
cadvisor not found.
grafana not found.
node_exporter not found.
prometheus not found.
gpu Exited:137
eager_kilby Exited:0
romantic_galileo Exited:137
jovial_lamarr Exited:0
angry_yonath Exited:137
ubuntu_mnt_01 not found.
ubuntu-test Exited:0
-----------
cuda-gpu Exited:0
cuda-pause not found.
docker_myapp_1 Exited:1
docker_Etcd_1 not found.
cadvisor not found.
grafana not found.
node_exporter not found.
prometheus not found.
gpu Exited:137
eager_kilby Exited:0
romantic_galileo Exited:137
jovial_lamarr Exited:0
angry_yonath Exited:137
ubuntu_mnt_01 not found.
ubuntu-test Exited:0
-----------
