[httpclient] [List]  []
[httpclient] [List]  []
[httpclient] [Watch] start watch
[tool][GetService]key:coreDNS
The file is:
 apiVersion: v1
kind: Pod
metadata:
  name: coreDNS
labels:
  app: coreDNS
spec:
  nodeName: "node1"
  containers:
    - name: coredns
      image: coredns/coredns
      command: ["-conf", "/etc/coredns/Corefile"]
      ports:
        - name: http
          containerPort: 53
      volumeMounts:
        - name: volume-coredns
          mountPath: /etc/coredns
  volumes:
    - name: volume-coredns
      hostPath: /home/minik8s/configs/dns
[httpclient] [UpdatePod] update pod: {"kind":"Pod","apiVersion":"v1","metadata":{"name":"coreDNS","creationTimestamp":null},"spec":{"volumes":[{"name":"volume-coredns","hostPath":"/home/minik8s/configs/dns"}],"containers":[{"name":"coredns","image":"coredns/coredns","command":["-conf","/etc/coredns/Corefile"],"entryPoint":null,"ports":[{"Protocol":"","PortNumber":""}],"limitResource":{"cpu":"","memory":""},"tty":false,"volumeMounts":[{"name":"volume-coredns","mountPath":"/etc/coredns"}]}],"nodeName":"node1"},"status":{},"labels":{"app":"coreDNS"}}
[httpclient] [UpdatePod] Response Status: 200 OK
The file is:
 apiVersion: v1
kind: Service
metadata:
  name: coreDNS
spec:
  clusterIP: "12.1.1.1"
  selector:
    app: coreDNS
  ports:
    - port: "53"
      protocol: all
      targetPort: "53"

[tool][updateservice]: url=http://localhost:8080/api/v1/services
[httpclient] [Watch] unmarshal: /api/v1/services/coreDNS {"metadata":{"name":"coreDNS","creationTimestamp":null},"spec":{"name":"","selector":{"app":"coreDNS"},"type":"","ports":[{"protocol":"all","port":"53","targetPort":"53"}],"clusterIP":"12.1.1.1","status":{"err":"","phase":""}},"podNameAndIps":null} ADDED
[kube-service][manage][addServiceHandler]:/api/v1/services/coreDNS
Response Status: 200 OK
[tool][GetService]key:coreDNS
[httpclient] [List]  [{1 /api/v1/pods/coreDNS {"kind":"Pod","apiVersion":"v1","metadata":{"name":"coreDNS","creationTimestamp":null},"spec":{"volumes":[{"name":"volume-coredns","hostPath":"/home/minik8s/configs/dns"}],"containers":[{"name":"coredns","image":"coredns/coredns","command":["-conf","/etc/coredns/Corefile"],"entryPoint":null,"ports":[{"Protocol":"","PortNumber":""}],"limitResource":{"cpu":"","memory":""},"tty":false,"volumeMounts":[{"name":"volume-coredns","mountPath":"/etc/coredns"}]}],"nodeName":"node1"},"status":{},"labels":{"app":"coreDNS"}}}]
[service][findPods]:in
[httpclient] [UpdatePod] update pod: {"kind":"Pod","apiVersion":"v1","metadata":{"name":"coreDNS","creationTimestamp":null},"spec":{"volumes":[{"name":"volume-coredns","hostPath":"/home/minik8s/configs/dns"}],"containers":[{"name":"coredns","image":"coredns/coredns","command":["-conf","/etc/coredns/Corefile"],"entryPoint":null,"ports":[{"Protocol":"","PortNumber":""}],"limitResource":{"cpu":"","memory":""},"tty":false,"volumeMounts":[{"name":"volume-coredns","mountPath":"/etc/coredns"}]}],"nodeName":"node1"},"status":{},"labels":{"app":"coreDNS"}}
[httpclient] [List]  [{1 /api/v1/pods/coreDNS {"kind":"Pod","apiVersion":"v1","metadata":{"name":"coreDNS","creationTimestamp":null},"spec":{"volumes":[{"name":"volume-coredns","hostPath":"/home/minik8s/configs/dns"}],"containers":[{"name":"coredns","image":"coredns/coredns","command":["-conf","/etc/coredns/Corefile"],"entryPoint":null,"ports":[{"Protocol":"","PortNumber":""}],"limitResource":{"cpu":"","memory":""},"tty":false,"volumeMounts":[{"name":"volume-coredns","mountPath":"/etc/coredns"}]}],"nodeName":"node1"},"status":{},"labels":{"app":"coreDNS"}}}]
[tool][updateservice]: url=http://localhost:8080/api/v1/services
[httpclient] [UpdatePod] Response Status: 200 OK
Response Status: 200 OK
[httpclient] [Watch] unmarshal: /api/v1/services/coreDNS {"metadata":{"name":"coreDNS","creationTimestamp":null},"spec":{"name":"","selector":{"app":"coreDNS"},"type":"","ports":[{"protocol":"all","port":"53","targetPort":"53"}],"clusterIP":"12.1.1.1","status":{"err":"NoOKPodsWhenInit","phase":"error"}},"podNameAndIps":null} MODIFIED
[tool][updateservice]: url=http://localhost:8080/api/v1/services
Response Status: 200 OK
[httpclient] [Watch] unmarshal: /api/v1/services/coreDNS {"metadata":{"name":"coreDNS","creationTimestamp":null},"spec":{"name":"","selector":{"app":"coreDNS"},"type":"","ports":[{"protocol":"all","port":"53","targetPort":"53"}],"clusterIP":"12.1.1.1","status":{"err":"","phase":""}},"podNameAndIps":null} MODIFIED
[tool][GetService]key:coreDNS
[httpclient] [UpdatePod] update pod: {"kind":"Pod","apiVersion":"v1","metadata":{"name":"coreDNS","creationTimestamp":null},"spec":{"volumes":[{"name":"volume-coredns","hostPath":"/home/minik8s/configs/dns"}],"containers":[{"name":"coredns","image":"coredns/coredns","command":["-conf","/etc/coredns/Corefile"],"entryPoint":null,"ports":[{"Protocol":"","PortNumber":""}],"limitResource":{"cpu":"","memory":""},"tty":false,"volumeMounts":[{"name":"volume-coredns","mountPath":"/etc/coredns"}]}],"nodeName":"node1"},"status":{},"labels":{"app":"coreDNS"}}
[httpclient] [UpdatePod] Response Status: 200 OK
[service][run]: got ticker
[tool][updateservice]: url=http://localhost:8080/api/v1/services
[httpclient] [Watch] unmarshal: /api/v1/services/coreDNS {"metadata":{"name":"coreDNS","creationTimestamp":null},"spec":{"name":"","selector":{"app":"coreDNS"},"type":"","ports":[{"protocol":"all","port":"53","targetPort":"53"}],"clusterIP":"12.1.1.1","status":{"err":"","phase":""}},"podNameAndIps":null} MODIFIED
Response Status: 200 OK
[tool][GetService]key:coreDNS
[httpclient] [UpdatePod] update pod: {"kind":"Pod","apiVersion":"v1","metadata":{"name":"coreDNS","creationTimestamp":null},"spec":{"volumes":[{"name":"volume-coredns","hostPath":"/home/minik8s/configs/dns"}],"containers":[{"name":"coredns","image":"coredns/coredns","command":["-conf","/etc/coredns/Corefile"],"entryPoint":null,"ports":[{"Protocol":"","PortNumber":""}],"limitResource":{"cpu":"","memory":""},"tty":false,"volumeMounts":[{"name":"volume-coredns","mountPath":"/etc/coredns"}]}],"nodeName":"node1"},"status":{},"labels":{"app":"coreDNS"}}
[httpclient] [UpdatePod] Response Status: 200 OK
[tool][updateservice]: url=http://localhost:8080/api/v1/services
Response Status: 200 OK
[tool][GetService]key:coreDNS
[httpclient] [Watch] unmarshal: /api/v1/services/coreDNS {"metadata":{"name":"coreDNS","creationTimestamp":null},"spec":{"name":"","selector":{"app":"coreDNS"},"type":"","ports":[{"protocol":"all","port":"53","targetPort":"53"}],"clusterIP":"12.1.1.1","status":{"err":"","phase":""}},"podNameAndIps":null} MODIFIED
[httpclient] [UpdatePod] update pod: {"kind":"Pod","apiVersion":"v1","metadata":{"name":"coreDNS","creationTimestamp":null},"spec":{"volumes":[{"name":"volume-coredns","hostPath":"/home/minik8s/configs/dns"}],"containers":[{"name":"coredns","image":"coredns/coredns","command":["-conf","/etc/coredns/Corefile"],"entryPoint":null,"ports":[{"Protocol":"","PortNumber":""}],"limitResource":{"cpu":"","memory":""},"tty":false,"volumeMounts":[{"name":"volume-coredns","mountPath":"/etc/coredns"}]}],"nodeName":"node1"},"status":{},"labels":{"app":"coreDNS"}}
[httpclient] [UpdatePod] Response Status: 200 OK
[service][run]: got ticker
[tool][updateservice]: url=http://localhost:8080/api/v1/services
Response Status: 200 OK
[tool][GetService]key:coreDNS
[httpclient] [Watch] unmarshal: /api/v1/services/coreDNS {"metadata":{"name":"coreDNS","creationTimestamp":null},"spec":{"name":"","selector":{"app":"coreDNS"},"type":"","ports":[{"protocol":"all","port":"53","targetPort":"53"}],"clusterIP":"12.1.1.1","status":{"err":"","phase":""}},"podNameAndIps":null} MODIFIED
[httpclient] [UpdatePod] update pod: {"kind":"Pod","apiVersion":"v1","metadata":{"name":"coreDNS","creationTimestamp":null},"spec":{"volumes":[{"name":"volume-coredns","hostPath":"/home/minik8s/configs/dns"}],"containers":[{"name":"coredns","image":"coredns/coredns","command":["-conf","/etc/coredns/Corefile"],"entryPoint":null,"ports":[{"Protocol":"","PortNumber":""}],"limitResource":{"cpu":"","memory":""},"tty":false,"volumeMounts":[{"name":"volume-coredns","mountPath":"/etc/coredns"}]}],"nodeName":"node1"},"status":{},"labels":{"app":"coreDNS"}}
[httpclient] [UpdatePod] Response Status: 200 OK
[tool][updateservice]: url=http://localhost:8080/api/v1/services
Response Status: 200 OK
[tool][GetService]key:coreDNS
[httpclient] [Watch] unmarshal: /api/v1/services/coreDNS {"metadata":{"name":"coreDNS","creationTimestamp":null},"spec":{"name":"","selector":{"app":"coreDNS"},"type":"","ports":[{"protocol":"all","port":"53","targetPort":"53"}],"clusterIP":"12.1.1.1","status":{"err":"","phase":""}},"podNameAndIps":null} MODIFIED
[httpclient] [UpdatePod] update pod: {"kind":"Pod","apiVersion":"v1","metadata":{"name":"coreDNS","creationTimestamp":null},"spec":{"volumes":[{"name":"volume-coredns","hostPath":"/home/minik8s/configs/dns"}],"containers":[{"name":"coredns","image":"coredns/coredns","command":["-conf","/etc/coredns/Corefile"],"entryPoint":null,"ports":[{"Protocol":"","PortNumber":""}],"limitResource":{"cpu":"","memory":""},"tty":false,"volumeMounts":[{"name":"volume-coredns","mountPath":"/etc/coredns"}]}],"nodeName":"node1"},"status":{},"labels":{"app":"coreDNS"}}
[httpclient] [UpdatePod] Response Status: 200 OK
[service][run]: got ticker
[tool][updateservice]: url=http://localhost:8080/api/v1/services
Response Status: 200 OK
[tool][GetService]key:coreDNS
[httpclient] [Watch] unmarshal: /api/v1/services/coreDNS {"metadata":{"name":"coreDNS","creationTimestamp":null},"spec":{"name":"","selector":{"app":"coreDNS"},"type":"","ports":[{"protocol":"all","port":"53","targetPort":"53"}],"clusterIP":"12.1.1.1","status":{"err":"","phase":""}},"podNameAndIps":null} MODIFIED
[httpclient] [UpdatePod] update pod: {"kind":"Pod","apiVersion":"v1","metadata":{"name":"coreDNS","creationTimestamp":null},"spec":{"volumes":[{"name":"volume-coredns","hostPath":"/home/minik8s/configs/dns"}],"containers":[{"name":"coredns","image":"coredns/coredns","command":["-conf","/etc/coredns/Corefile"],"entryPoint":null,"ports":[{"Protocol":"","PortNumber":""}],"limitResource":{"cpu":"","memory":""},"tty":false,"volumeMounts":[{"name":"volume-coredns","mountPath":"/etc/coredns"}]}],"nodeName":"node1"},"status":{},"labels":{"app":"coreDNS"}}
[httpclient] [UpdatePod] Response Status: 200 OK
[tool][updateservice]: url=http://localhost:8080/api/v1/services
[httpclient] [Watch] unmarshal: /api/v1/services/coreDNS {"metadata":{"name":"coreDNS","creationTimestamp":null},"spec":{"name":"","selector":{"app":"coreDNS"},"type":"","ports":[{"protocol":"all","port":"53","targetPort":"53"}],"clusterIP":"12.1.1.1","status":{"err":"","phase":""}},"podNameAndIps":null} MODIFIED
Response Status: 200 OK
[tool][GetService]key:coreDNS
[httpclient] [UpdatePod] update pod: {"kind":"Pod","apiVersion":"v1","metadata":{"name":"coreDNS","creationTimestamp":null},"spec":{"volumes":[{"name":"volume-coredns","hostPath":"/home/minik8s/configs/dns"}],"containers":[{"name":"coredns","image":"coredns/coredns","command":["-conf","/etc/coredns/Corefile"],"entryPoint":null,"ports":[{"Protocol":"","PortNumber":""}],"limitResource":{"cpu":"","memory":""},"tty":false,"volumeMounts":[{"name":"volume-coredns","mountPath":"/etc/coredns"}]}],"nodeName":"node1"},"status":{},"labels":{"app":"coreDNS"}}
[httpclient] [UpdatePod] Response Status: 200 OK
[service][run]: got ticker
[tool][updateservice]: url=http://localhost:8080/api/v1/services
Response Status: 200 OK
[tool][GetService]key:coreDNS
[httpclient] [Watch] unmarshal: /api/v1/services/coreDNS {"metadata":{"name":"coreDNS","creationTimestamp":null},"spec":{"name":"","selector":{"app":"coreDNS"},"type":"","ports":[{"protocol":"all","port":"53","targetPort":"53"}],"clusterIP":"12.1.1.1","status":{"err":"","phase":""}},"podNameAndIps":null} MODIFIED
[httpclient] [UpdatePod] update pod: {"kind":"Pod","apiVersion":"v1","metadata":{"name":"coreDNS","creationTimestamp":null},"spec":{"volumes":[{"name":"volume-coredns","hostPath":"/home/minik8s/configs/dns"}],"containers":[{"name":"coredns","image":"coredns/coredns","command":["-conf","/etc/coredns/Corefile"],"entryPoint":null,"ports":[{"Protocol":"","PortNumber":""}],"limitResource":{"cpu":"","memory":""},"tty":false,"volumeMounts":[{"name":"volume-coredns","mountPath":"/etc/coredns"}]}],"nodeName":"node1"},"status":{},"labels":{"app":"coreDNS"}}
[httpclient] [UpdatePod] Response Status: 200 OK
[tool][updateservice]: url=http://localhost:8080/api/v1/services
Response Status: 200 OK
[httpclient] [Watch] unmarshal: /api/v1/services/coreDNS {"metadata":{"name":"coreDNS","creationTimestamp":null},"spec":{"name":"","selector":{"app":"coreDNS"},"type":"","ports":[{"protocol":"all","port":"53","targetPort":"53"}],"clusterIP":"12.1.1.1","status":{"err":"","phase":""}},"podNameAndIps":null} MODIFIED
[tool][GetService]key:coreDNS
[httpclient] [UpdatePod] update pod: {"kind":"Pod","apiVersion":"v1","metadata":{"name":"coreDNS","creationTimestamp":null},"spec":{"volumes":[{"name":"volume-coredns","hostPath":"/home/minik8s/configs/dns"}],"containers":[{"name":"coredns","image":"coredns/coredns","command":["-conf","/etc/coredns/Corefile"],"entryPoint":null,"ports":[{"Protocol":"","PortNumber":""}],"limitResource":{"cpu":"","memory":""},"tty":false,"volumeMounts":[{"name":"volume-coredns","mountPath":"/etc/coredns"}]}],"nodeName":"node1"},"status":{},"labels":{"app":"coreDNS"}}
[httpclient] [UpdatePod] Response Status: 200 OK
[service][run]: got ticker
[tool][updateservice]: url=http://localhost:8080/api/v1/services
[httpclient] [Watch] unmarshal: /api/v1/services/coreDNS {"metadata":{"name":"coreDNS","creationTimestamp":null},"spec":{"name":"","selector":{"app":"coreDNS"},"type":"","ports":[{"protocol":"all","port":"53","targetPort":"53"}],"clusterIP":"12.1.1.1","status":{"err":"","phase":""}},"podNameAndIps":null} MODIFIED
Response Status: 200 OK
[tool][GetService]key:coreDNS
[httpclient] [UpdatePod] update pod: {"kind":"Pod","apiVersion":"v1","metadata":{"name":"coreDNS","creationTimestamp":null},"spec":{"volumes":[{"name":"volume-coredns","hostPath":"/home/minik8s/configs/dns"}],"containers":[{"name":"coredns","image":"coredns/coredns","command":["-conf","/etc/coredns/Corefile"],"entryPoint":null,"ports":[{"Protocol":"","PortNumber":""}],"limitResource":{"cpu":"","memory":""},"tty":false,"volumeMounts":[{"name":"volume-coredns","mountPath":"/etc/coredns"}]}],"nodeName":"node1"},"status":{},"labels":{"app":"coreDNS"}}
[httpclient] [UpdatePod] Response Status: 200 OK
[tool][updateservice]: url=http://localhost:8080/api/v1/services
[httpclient] [Watch] unmarshal: /api/v1/services/coreDNS {"metadata":{"name":"coreDNS","creationTimestamp":null},"spec":{"name":"","selector":{"app":"coreDNS"},"type":"","ports":[{"protocol":"all","port":"53","targetPort":"53"}],"clusterIP":"12.1.1.1","status":{"err":"","phase":""}},"podNameAndIps":null} MODIFIED
Response Status: 200 OK
[tool][GetService]key:coreDNS
[httpclient] [UpdatePod] update pod: {"kind":"Pod","apiVersion":"v1","metadata":{"name":"coreDNS","creationTimestamp":null},"spec":{"volumes":[{"name":"volume-coredns","hostPath":"/home/minik8s/configs/dns"}],"containers":[{"name":"coredns","image":"coredns/coredns","command":["-conf","/etc/coredns/Corefile"],"entryPoint":null,"ports":[{"Protocol":"","PortNumber":""}],"limitResource":{"cpu":"","memory":""},"tty":false,"volumeMounts":[{"name":"volume-coredns","mountPath":"/etc/coredns"}]}],"nodeName":"node1"},"status":{},"labels":{"app":"coreDNS"}}
[httpclient] [UpdatePod] Response Status: 200 OK
[service][run]: got ticker
[tool][updateservice]: url=http://localhost:8080/api/v1/services
[httpclient] [Watch] unmarshal: /api/v1/services/coreDNS {"metadata":{"name":"coreDNS","creationTimestamp":null},"spec":{"name":"","selector":{"app":"coreDNS"},"type":"","ports":[{"protocol":"all","port":"53","targetPort":"53"}],"clusterIP":"12.1.1.1","status":{"err":"","phase":""}},"podNameAndIps":null} MODIFIED
Response Status: 200 OK
[tool][GetService]key:coreDNS
[httpclient] [UpdatePod] update pod: {"kind":"Pod","apiVersion":"v1","metadata":{"name":"coreDNS","creationTimestamp":null},"spec":{"volumes":[{"name":"volume-coredns","hostPath":"/home/minik8s/configs/dns"}],"containers":[{"name":"coredns","image":"coredns/coredns","command":["-conf","/etc/coredns/Corefile"],"entryPoint":null,"ports":[{"Protocol":"","PortNumber":""}],"limitResource":{"cpu":"","memory":""},"tty":false,"volumeMounts":[{"name":"volume-coredns","mountPath":"/etc/coredns"}]}],"nodeName":"node1"},"status":{},"labels":{"app":"coreDNS"}}
[httpclient] [UpdatePod] Response Status: 200 OK
[tool][updateservice]: url=http://localhost:8080/api/v1/services
[httpclient] [Watch] unmarshal: /api/v1/services/coreDNS {"metadata":{"name":"coreDNS","creationTimestamp":null},"spec":{"name":"","selector":{"app":"coreDNS"},"type":"","ports":[{"protocol":"all","port":"53","targetPort":"53"}],"clusterIP":"12.1.1.1","status":{"err":"","phase":""}},"podNameAndIps":null} MODIFIED
Response Status: 200 OK
[tool][GetService]key:coreDNS
[httpclient] [UpdatePod] update pod: {"kind":"Pod","apiVersion":"v1","metadata":{"name":"coreDNS","creationTimestamp":null},"spec":{"volumes":[{"name":"volume-coredns","hostPath":"/home/minik8s/configs/dns"}],"containers":[{"name":"coredns","image":"coredns/coredns","command":["-conf","/etc/coredns/Corefile"],"entryPoint":null,"ports":[{"Protocol":"","PortNumber":""}],"limitResource":{"cpu":"","memory":""},"tty":false,"volumeMounts":[{"name":"volume-coredns","mountPath":"/etc/coredns"}]}],"nodeName":"node1"},"status":{},"labels":{"app":"coreDNS"}}
[httpclient] [UpdatePod] Response Status: 200 OK
[service][run]: got ticker
[tool][updateservice]: url=http://localhost:8080/api/v1/services
[httpclient] [Watch] unmarshal: /api/v1/services/coreDNS {"metadata":{"name":"coreDNS","creationTimestamp":null},"spec":{"name":"","selector":{"app":"coreDNS"},"type":"","ports":[{"protocol":"all","port":"53","targetPort":"53"}],"clusterIP":"12.1.1.1","status":{"err":"","phase":""}},"podNameAndIps":null} MODIFIED
Response Status: 200 OK
[tool][GetService]key:coreDNS
[httpclient] [UpdatePod] update pod: {"kind":"Pod","apiVersion":"v1","metadata":{"name":"coreDNS","creationTimestamp":null},"spec":{"volumes":[{"name":"volume-coredns","hostPath":"/home/minik8s/configs/dns"}],"containers":[{"name":"coredns","image":"coredns/coredns","command":["-conf","/etc/coredns/Corefile"],"entryPoint":null,"ports":[{"Protocol":"","PortNumber":""}],"limitResource":{"cpu":"","memory":""},"tty":false,"volumeMounts":[{"name":"volume-coredns","mountPath":"/etc/coredns"}]}],"nodeName":"node1"},"status":{},"labels":{"app":"coreDNS"}}
[httpclient] [UpdatePod] Response Status: 200 OK
[tool][updateservice]: url=http://localhost:8080/api/v1/services
[httpclient] [Watch] unmarshal: /api/v1/services/coreDNS {"metadata":{"name":"coreDNS","creationTimestamp":null},"spec":{"name":"","selector":{"app":"coreDNS"},"type":"","ports":[{"protocol":"all","port":"53","targetPort":"53"}],"clusterIP":"12.1.1.1","status":{"err":"","phase":""}},"podNameAndIps":null} MODIFIED
Response Status: 200 OK
[tool][GetService]key:coreDNS
[httpclient] [UpdatePod] update pod: {"kind":"Pod","apiVersion":"v1","metadata":{"name":"coreDNS","creationTimestamp":null},"spec":{"volumes":[{"name":"volume-coredns","hostPath":"/home/minik8s/configs/dns"}],"containers":[{"name":"coredns","image":"coredns/coredns","command":["-conf","/etc/coredns/Corefile"],"entryPoint":null,"ports":[{"Protocol":"","PortNumber":""}],"limitResource":{"cpu":"","memory":""},"tty":false,"volumeMounts":[{"name":"volume-coredns","mountPath":"/etc/coredns"}]}],"nodeName":"node1"},"status":{},"labels":{"app":"coreDNS"}}
[httpclient] [UpdatePod] Response Status: 200 OK
[service][run]: got ticker
[tool][updateservice]: url=http://localhost:8080/api/v1/services
Response Status: 200 OK
[httpclient] [Watch] unmarshal: /api/v1/services/coreDNS {"metadata":{"name":"coreDNS","creationTimestamp":null},"spec":{"name":"","selector":{"app":"coreDNS"},"type":"","ports":[{"protocol":"all","port":"53","targetPort":"53"}],"clusterIP":"12.1.1.1","status":{"err":"","phase":""}},"podNameAndIps":null} MODIFIED
[tool][GetService]key:coreDNS
[httpclient] [UpdatePod] update pod: {"kind":"Pod","apiVersion":"v1","metadata":{"name":"coreDNS","creationTimestamp":null},"spec":{"volumes":[{"name":"volume-coredns","hostPath":"/home/minik8s/configs/dns"}],"containers":[{"name":"coredns","image":"coredns/coredns","command":["-conf","/etc/coredns/Corefile"],"entryPoint":null,"ports":[{"Protocol":"","PortNumber":""}],"limitResource":{"cpu":"","memory":""},"tty":false,"volumeMounts":[{"name":"volume-coredns","mountPath":"/etc/coredns"}]}],"nodeName":"node1"},"status":{},"labels":{"app":"coreDNS"}}
[httpclient] [UpdatePod] Response Status: 200 OK
[tool][updateservice]: url=http://localhost:8080/api/v1/services
[httpclient] [Watch] unmarshal: /api/v1/services/coreDNS {"metadata":{"name":"coreDNS","creationTimestamp":null},"spec":{"name":"","selector":{"app":"coreDNS"},"type":"","ports":[{"protocol":"all","port":"53","targetPort":"53"}],"clusterIP":"12.1.1.1","status":{"err":"","phase":""}},"podNameAndIps":null} MODIFIED
Response Status: 200 OK
[tool][GetService]key:coreDNS
[httpclient] [UpdatePod] update pod: {"kind":"Pod","apiVersion":"v1","metadata":{"name":"coreDNS","creationTimestamp":null},"spec":{"volumes":[{"name":"volume-coredns","hostPath":"/home/minik8s/configs/dns"}],"containers":[{"name":"coredns","image":"coredns/coredns","command":["-conf","/etc/coredns/Corefile"],"entryPoint":null,"ports":[{"Protocol":"","PortNumber":""}],"limitResource":{"cpu":"","memory":""},"tty":false,"volumeMounts":[{"name":"volume-coredns","mountPath":"/etc/coredns"}]}],"nodeName":"node1"},"status":{},"labels":{"app":"coreDNS"}}
[httpclient] [UpdatePod] Response Status: 200 OK
[service][run]: got ticker
[tool][updateservice]: url=http://localhost:8080/api/v1/services
Response Status: 200 OK
[httpclient] [Watch] unmarshal: /api/v1/services/coreDNS {"metadata":{"name":"coreDNS","creationTimestamp":null},"spec":{"name":"","selector":{"app":"coreDNS"},"type":"","ports":[{"protocol":"all","port":"53","targetPort":"53"}],"clusterIP":"12.1.1.1","status":{"err":"","phase":""}},"podNameAndIps":null} MODIFIED
[tool][GetService]key:coreDNS
[httpclient] [UpdatePod] update pod: {"kind":"Pod","apiVersion":"v1","metadata":{"name":"coreDNS","creationTimestamp":null},"spec":{"volumes":[{"name":"volume-coredns","hostPath":"/home/minik8s/configs/dns"}],"containers":[{"name":"coredns","image":"coredns/coredns","command":["-conf","/etc/coredns/Corefile"],"entryPoint":null,"ports":[{"Protocol":"","PortNumber":""}],"limitResource":{"cpu":"","memory":""},"tty":false,"volumeMounts":[{"name":"volume-coredns","mountPath":"/etc/coredns"}]}],"nodeName":"node1"},"status":{},"labels":{"app":"coreDNS"}}
[httpclient] [UpdatePod] Response Status: 200 OK
[tool][updateservice]: url=http://localhost:8080/api/v1/services
[httpclient] [Watch] unmarshal: /api/v1/services/coreDNS {"metadata":{"name":"coreDNS","creationTimestamp":null},"spec":{"name":"","selector":{"app":"coreDNS"},"type":"","ports":[{"protocol":"all","port":"53","targetPort":"53"}],"clusterIP":"12.1.1.1","status":{"err":"","phase":""}},"podNameAndIps":null} MODIFIED
Response Status: 200 OK
[tool][GetService]key:coreDNS
[httpclient] [UpdatePod] update pod: {"kind":"Pod","apiVersion":"v1","metadata":{"name":"coreDNS","creationTimestamp":null},"spec":{"volumes":[{"name":"volume-coredns","hostPath":"/home/minik8s/configs/dns"}],"containers":[{"name":"coredns","image":"coredns/coredns","command":["-conf","/etc/coredns/Corefile"],"entryPoint":null,"ports":[{"Protocol":"","PortNumber":""}],"limitResource":{"cpu":"","memory":""},"tty":false,"volumeMounts":[{"name":"volume-coredns","mountPath":"/etc/coredns"}]}],"nodeName":"node1"},"status":{},"labels":{"app":"coreDNS"}}
[httpclient] [UpdatePod] Response Status: 200 OK
[service][run]: got ticker
[tool][updateservice]: url=http://localhost:8080/api/v1/services
[httpclient] [Watch] unmarshal: /api/v1/services/coreDNS {"metadata":{"name":"coreDNS","creationTimestamp":null},"spec":{"name":"","selector":{"app":"coreDNS"},"type":"","ports":[{"protocol":"all","port":"53","targetPort":"53"}],"clusterIP":"12.1.1.1","status":{"err":"","phase":""}},"podNameAndIps":null} MODIFIED
Response Status: 200 OK
[tool][GetService]key:coreDNS
[httpclient] [UpdatePod] update pod: {"kind":"Pod","apiVersion":"v1","metadata":{"name":"coreDNS","creationTimestamp":null},"spec":{"volumes":[{"name":"volume-coredns","hostPath":"/home/minik8s/configs/dns"}],"containers":[{"name":"coredns","image":"coredns/coredns","command":["-conf","/etc/coredns/Corefile"],"entryPoint":null,"ports":[{"Protocol":"","PortNumber":""}],"limitResource":{"cpu":"","memory":""},"tty":false,"volumeMounts":[{"name":"volume-coredns","mountPath":"/etc/coredns"}]}],"nodeName":"node1"},"status":{},"labels":{"app":"coreDNS"}}
[httpclient] [UpdatePod] Response Status: 200 OK
[tool][updateservice]: url=http://localhost:8080/api/v1/services
Response Status: 200 OK
[tool][GetService]key:coreDNS
[httpclient] [Watch] unmarshal: /api/v1/services/coreDNS {"metadata":{"name":"coreDNS","creationTimestamp":null},"spec":{"name":"","selector":{"app":"coreDNS"},"type":"","ports":[{"protocol":"all","port":"53","targetPort":"53"}],"clusterIP":"12.1.1.1","status":{"err":"","phase":""}},"podNameAndIps":null} MODIFIED
[httpclient] [UpdatePod] update pod: {"kind":"Pod","apiVersion":"v1","metadata":{"name":"coreDNS","creationTimestamp":null},"spec":{"volumes":[{"name":"volume-coredns","hostPath":"/home/minik8s/configs/dns"}],"containers":[{"name":"coredns","image":"coredns/coredns","command":["-conf","/etc/coredns/Corefile"],"entryPoint":null,"ports":[{"Protocol":"","PortNumber":""}],"limitResource":{"cpu":"","memory":""},"tty":false,"volumeMounts":[{"name":"volume-coredns","mountPath":"/etc/coredns"}]}],"nodeName":"node1"},"status":{},"labels":{"app":"coreDNS"}}
[httpclient] [UpdatePod] Response Status: 200 OK
[service][run]: got ticker
[tool][updateservice]: url=http://localhost:8080/api/v1/services
Response Status: 200 OK
[tool][GetService]key:coreDNS
[httpclient] [Watch] unmarshal: /api/v1/services/coreDNS {"metadata":{"name":"coreDNS","creationTimestamp":null},"spec":{"name":"","selector":{"app":"coreDNS"},"type":"","ports":[{"protocol":"all","port":"53","targetPort":"53"}],"clusterIP":"12.1.1.1","status":{"err":"","phase":""}},"podNameAndIps":null} MODIFIED
[httpclient] [UpdatePod] update pod: {"kind":"Pod","apiVersion":"v1","metadata":{"name":"coreDNS","creationTimestamp":null},"spec":{"volumes":[{"name":"volume-coredns","hostPath":"/home/minik8s/configs/dns"}],"containers":[{"name":"coredns","image":"coredns/coredns","command":["-conf","/etc/coredns/Corefile"],"entryPoint":null,"ports":[{"Protocol":"","PortNumber":""}],"limitResource":{"cpu":"","memory":""},"tty":false,"volumeMounts":[{"name":"volume-coredns","mountPath":"/etc/coredns"}]}],"nodeName":"node1"},"status":{},"labels":{"app":"coreDNS"}}
[httpclient] [UpdatePod] Response Status: 200 OK
[tool][updateservice]: url=http://localhost:8080/api/v1/services
Response Status: 200 OK
[tool][GetService]key:coreDNS
[httpclient] [Watch] unmarshal: /api/v1/services/coreDNS {"metadata":{"name":"coreDNS","creationTimestamp":null},"spec":{"name":"","selector":{"app":"coreDNS"},"type":"","ports":[{"protocol":"all","port":"53","targetPort":"53"}],"clusterIP":"12.1.1.1","status":{"err":"","phase":""}},"podNameAndIps":null} MODIFIED
[httpclient] [UpdatePod] update pod: {"kind":"Pod","apiVersion":"v1","metadata":{"name":"coreDNS","creationTimestamp":null},"spec":{"volumes":[{"name":"volume-coredns","hostPath":"/home/minik8s/configs/dns"}],"containers":[{"name":"coredns","image":"coredns/coredns","command":["-conf","/etc/coredns/Corefile"],"entryPoint":null,"ports":[{"Protocol":"","PortNumber":""}],"limitResource":{"cpu":"","memory":""},"tty":false,"volumeMounts":[{"name":"volume-coredns","mountPath":"/etc/coredns"}]}],"nodeName":"node1"},"status":{},"labels":{"app":"coreDNS"}}
[httpclient] [UpdatePod] Response Status: 200 OK
[service][run]: got ticker
[tool][updateservice]: url=http://localhost:8080/api/v1/services
Response Status: 200 OK
[tool][GetService]key:coreDNS
[httpclient] [Watch] unmarshal: /api/v1/services/coreDNS {"metadata":{"name":"coreDNS","creationTimestamp":null},"spec":{"name":"","selector":{"app":"coreDNS"},"type":"","ports":[{"protocol":"all","port":"53","targetPort":"53"}],"clusterIP":"12.1.1.1","status":{"err":"","phase":""}},"podNameAndIps":null} MODIFIED
[httpclient] [UpdatePod] update pod: {"kind":"Pod","apiVersion":"v1","metadata":{"name":"coreDNS","creationTimestamp":null},"spec":{"volumes":[{"name":"volume-coredns","hostPath":"/home/minik8s/configs/dns"}],"containers":[{"name":"coredns","image":"coredns/coredns","command":["-conf","/etc/coredns/Corefile"],"entryPoint":null,"ports":[{"Protocol":"","PortNumber":""}],"limitResource":{"cpu":"","memory":""},"tty":false,"volumeMounts":[{"name":"volume-coredns","mountPath":"/etc/coredns"}]}],"nodeName":"node1"},"status":{},"labels":{"app":"coreDNS"}}
[httpclient] [UpdatePod] Response Status: 200 OK
[tool][updateservice]: url=http://localhost:8080/api/v1/services
Response Status: 200 OK
[tool][GetService]key:coreDNS
[httpclient] [Watch] unmarshal: /api/v1/services/coreDNS {"metadata":{"name":"coreDNS","creationTimestamp":null},"spec":{"name":"","selector":{"app":"coreDNS"},"type":"","ports":[{"protocol":"all","port":"53","targetPort":"53"}],"clusterIP":"12.1.1.1","status":{"err":"","phase":""}},"podNameAndIps":null} MODIFIED
[httpclient] [UpdatePod] update pod: {"kind":"Pod","apiVersion":"v1","metadata":{"name":"coreDNS","creationTimestamp":null},"spec":{"volumes":[{"name":"volume-coredns","hostPath":"/home/minik8s/configs/dns"}],"containers":[{"name":"coredns","image":"coredns/coredns","command":["-conf","/etc/coredns/Corefile"],"entryPoint":null,"ports":[{"Protocol":"","PortNumber":""}],"limitResource":{"cpu":"","memory":""},"tty":false,"volumeMounts":[{"name":"volume-coredns","mountPath":"/etc/coredns"}]}],"nodeName":"node1"},"status":{},"labels":{"app":"coreDNS"}}
[httpclient] [UpdatePod] Response Status: 200 OK
[service][run]: got ticker
[tool][updateservice]: url=http://localhost:8080/api/v1/services
[httpclient] [Watch] unmarshal: /api/v1/services/coreDNS {"metadata":{"name":"coreDNS","creationTimestamp":null},"spec":{"name":"","selector":{"app":"coreDNS"},"type":"","ports":[{"protocol":"all","port":"53","targetPort":"53"}],"clusterIP":"12.1.1.1","status":{"err":"","phase":""}},"podNameAndIps":null} MODIFIED
Response Status: 200 OK
[tool][GetService]key:coreDNS
[httpclient] [UpdatePod] update pod: {"kind":"Pod","apiVersion":"v1","metadata":{"name":"coreDNS","creationTimestamp":null},"spec":{"volumes":[{"name":"volume-coredns","hostPath":"/home/minik8s/configs/dns"}],"containers":[{"name":"coredns","image":"coredns/coredns","command":["-conf","/etc/coredns/Corefile"],"entryPoint":null,"ports":[{"Protocol":"","PortNumber":""}],"limitResource":{"cpu":"","memory":""},"tty":false,"volumeMounts":[{"name":"volume-coredns","mountPath":"/etc/coredns"}]}],"nodeName":"node1"},"status":{},"labels":{"app":"coreDNS"}}
[httpclient] [UpdatePod] Response Status: 200 OK
[tool][updateservice]: url=http://localhost:8080/api/v1/services
[httpclient] [Watch] unmarshal: /api/v1/services/coreDNS {"metadata":{"name":"coreDNS","creationTimestamp":null},"spec":{"name":"","selector":{"app":"coreDNS"},"type":"","ports":[{"protocol":"all","port":"53","targetPort":"53"}],"clusterIP":"12.1.1.1","status":{"err":"","phase":""}},"podNameAndIps":null} MODIFIED
Response Status: 200 OK
[tool][GetService]key:coreDNS
[httpclient] [UpdatePod] update pod: {"kind":"Pod","apiVersion":"v1","metadata":{"name":"coreDNS","creationTimestamp":null},"spec":{"volumes":[{"name":"volume-coredns","hostPath":"/home/minik8s/configs/dns"}],"containers":[{"name":"coredns","image":"coredns/coredns","command":["-conf","/etc/coredns/Corefile"],"entryPoint":null,"ports":[{"Protocol":"","PortNumber":""}],"limitResource":{"cpu":"","memory":""},"tty":false,"volumeMounts":[{"name":"volume-coredns","mountPath":"/etc/coredns"}]}],"nodeName":"node1"},"status":{},"labels":{"app":"coreDNS"}}
[httpclient] [UpdatePod] Response Status: 200 OK
[service][run]: got ticker
[tool][updateservice]: url=http://localhost:8080/api/v1/services
[httpclient] [Watch] unmarshal: /api/v1/services/coreDNS {"metadata":{"name":"coreDNS","creationTimestamp":null},"spec":{"name":"","selector":{"app":"coreDNS"},"type":"","ports":[{"protocol":"all","port":"53","targetPort":"53"}],"clusterIP":"12.1.1.1","status":{"err":"","phase":""}},"podNameAndIps":null} MODIFIED
Response Status: 200 OK
[tool][GetService]key:coreDNS
[httpclient] [UpdatePod] update pod: {"kind":"Pod","apiVersion":"v1","metadata":{"name":"coreDNS","creationTimestamp":null},"spec":{"volumes":[{"name":"volume-coredns","hostPath":"/home/minik8s/configs/dns"}],"containers":[{"name":"coredns","image":"coredns/coredns","command":["-conf","/etc/coredns/Corefile"],"entryPoint":null,"ports":[{"Protocol":"","PortNumber":""}],"limitResource":{"cpu":"","memory":""},"tty":false,"volumeMounts":[{"name":"volume-coredns","mountPath":"/etc/coredns"}]}],"nodeName":"node1"},"status":{},"labels":{"app":"coreDNS"}}
[httpclient] [UpdatePod] Response Status: 200 OK
[tool][updateservice]: url=http://localhost:8080/api/v1/services
[httpclient] [Watch] unmarshal: /api/v1/services/coreDNS {"metadata":{"name":"coreDNS","creationTimestamp":null},"spec":{"name":"","selector":{"app":"coreDNS"},"type":"","ports":[{"protocol":"all","port":"53","targetPort":"53"}],"clusterIP":"12.1.1.1","status":{"err":"","phase":""}},"podNameAndIps":null} MODIFIED
Response Status: 200 OK
[tool][GetService]key:coreDNS
[httpclient] [UpdatePod] update pod: {"kind":"Pod","apiVersion":"v1","metadata":{"name":"coreDNS","creationTimestamp":null},"spec":{"volumes":[{"name":"volume-coredns","hostPath":"/home/minik8s/configs/dns"}],"containers":[{"name":"coredns","image":"coredns/coredns","command":["-conf","/etc/coredns/Corefile"],"entryPoint":null,"ports":[{"Protocol":"","PortNumber":""}],"limitResource":{"cpu":"","memory":""},"tty":false,"volumeMounts":[{"name":"volume-coredns","mountPath":"/etc/coredns"}]}],"nodeName":"node1"},"status":{},"labels":{"app":"coreDNS"}}
[httpclient] [UpdatePod] Response Status: 200 OK
[service][run]: got ticker
[tool][updateservice]: url=http://localhost:8080/api/v1/services
[httpclient] [Watch] unmarshal: /api/v1/services/coreDNS {"metadata":{"name":"coreDNS","creationTimestamp":null},"spec":{"name":"","selector":{"app":"coreDNS"},"type":"","ports":[{"protocol":"all","port":"53","targetPort":"53"}],"clusterIP":"12.1.1.1","status":{"err":"","phase":""}},"podNameAndIps":null} MODIFIED
Response Status: 200 OK
[tool][GetService]key:coreDNS
[httpclient] [UpdatePod] update pod: {"kind":"Pod","apiVersion":"v1","metadata":{"name":"coreDNS","creationTimestamp":null},"spec":{"volumes":[{"name":"volume-coredns","hostPath":"/home/minik8s/configs/dns"}],"containers":[{"name":"coredns","image":"coredns/coredns","command":["-conf","/etc/coredns/Corefile"],"entryPoint":null,"ports":[{"Protocol":"","PortNumber":""}],"limitResource":{"cpu":"","memory":""},"tty":false,"volumeMounts":[{"name":"volume-coredns","mountPath":"/etc/coredns"}]}],"nodeName":"node1"},"status":{},"labels":{"app":"coreDNS"}}
[httpclient] [UpdatePod] Response Status: 200 OK
[tool][updateservice]: url=http://localhost:8080/api/v1/services
[httpclient] [Watch] unmarshal: /api/v1/services/coreDNS {"metadata":{"name":"coreDNS","creationTimestamp":null},"spec":{"name":"","selector":{"app":"coreDNS"},"type":"","ports":[{"protocol":"all","port":"53","targetPort":"53"}],"clusterIP":"12.1.1.1","status":{"err":"","phase":""}},"podNameAndIps":null} MODIFIED
Response Status: 200 OK
[tool][GetService]key:coreDNS
[httpclient] [UpdatePod] update pod: {"kind":"Pod","apiVersion":"v1","metadata":{"name":"coreDNS","creationTimestamp":null},"spec":{"volumes":[{"name":"volume-coredns","hostPath":"/home/minik8s/configs/dns"}],"containers":[{"name":"coredns","image":"coredns/coredns","command":["-conf","/etc/coredns/Corefile"],"entryPoint":null,"ports":[{"Protocol":"","PortNumber":""}],"limitResource":{"cpu":"","memory":""},"tty":false,"volumeMounts":[{"name":"volume-coredns","mountPath":"/etc/coredns"}]}],"nodeName":"node1"},"status":{},"labels":{"app":"coreDNS"}}
[httpclient] [UpdatePod] Response Status: 200 OK
[service][run]: got ticker
[tool][updateservice]: url=http://localhost:8080/api/v1/services
[httpclient] [Watch] unmarshal: /api/v1/services/coreDNS {"metadata":{"name":"coreDNS","creationTimestamp":null},"spec":{"name":"","selector":{"app":"coreDNS"},"type":"","ports":[{"protocol":"all","port":"53","targetPort":"53"}],"clusterIP":"12.1.1.1","status":{"err":"","phase":""}},"podNameAndIps":null} MODIFIED
Response Status: 200 OK
[tool][GetService]key:coreDNS
[httpclient] [UpdatePod] update pod: {"kind":"Pod","apiVersion":"v1","metadata":{"name":"coreDNS","creationTimestamp":null},"spec":{"volumes":[{"name":"volume-coredns","hostPath":"/home/minik8s/configs/dns"}],"containers":[{"name":"coredns","image":"coredns/coredns","command":["-conf","/etc/coredns/Corefile"],"entryPoint":null,"ports":[{"Protocol":"","PortNumber":""}],"limitResource":{"cpu":"","memory":""},"tty":false,"volumeMounts":[{"name":"volume-coredns","mountPath":"/etc/coredns"}]}],"nodeName":"node1"},"status":{},"labels":{"app":"coreDNS"}}
[httpclient] [UpdatePod] Response Status: 200 OK
